\BOOKMARK [0][-]{chapter.1}{\376\377\0001\000\040\000R\000E\000A\000D\000M\000E}{}% 1
\BOOKMARK [0][-]{chapter.2}{\376\377\0002\000\040\000N\000a\000m\000e\000s\000p\000a\000c\000e\000\040\000I\000n\000d\000e\000x}{}% 2
\BOOKMARK [1][-]{section.2.1}{\376\377\0002\000.\0001\000\040\000N\000a\000m\000e\000s\000p\000a\000c\000e\000\040\000L\000i\000s\000t}{chapter.2}% 3
\BOOKMARK [0][-]{chapter.3}{\376\377\0003\000\040\000H\000i\000e\000r\000a\000r\000c\000h\000i\000c\000a\000l\000\040\000I\000n\000d\000e\000x}{}% 4
\BOOKMARK [1][-]{section.3.1}{\376\377\0003\000.\0001\000\040\000C\000l\000a\000s\000s\000\040\000H\000i\000e\000r\000a\000r\000c\000h\000y}{chapter.3}% 5
\BOOKMARK [0][-]{chapter.4}{\376\377\0004\000\040\000C\000l\000a\000s\000s\000\040\000I\000n\000d\000e\000x}{}% 6
\BOOKMARK [1][-]{section.4.1}{\376\377\0004\000.\0001\000\040\000C\000l\000a\000s\000s\000\040\000L\000i\000s\000t}{chapter.4}% 7
\BOOKMARK [0][-]{chapter.5}{\376\377\0005\000\040\000F\000i\000l\000e\000\040\000I\000n\000d\000e\000x}{}% 8
\BOOKMARK [1][-]{section.5.1}{\376\377\0005\000.\0001\000\040\000F\000i\000l\000e\000\040\000L\000i\000s\000t}{chapter.5}% 9
\BOOKMARK [0][-]{chapter.6}{\376\377\0006\000\040\000N\000a\000m\000e\000s\000p\000a\000c\000e\000\040\000D\000o\000c\000u\000m\000e\000n\000t\000a\000t\000i\000o\000n}{}% 10
\BOOKMARK [1][-]{section.6.1}{\376\377\0006\000.\0001\000\040\000C\000i\000r\000c\000l\000e\000s\000\040\000N\000a\000m\000e\000s\000p\000a\000c\000e\000\040\000R\000e\000f\000e\000r\000e\000n\000c\000e}{chapter.6}% 11
\BOOKMARK [1][-]{section.6.2}{\376\377\0006\000.\0002\000\040\000C\000i\000r\000c\000l\000e\000s\000:\000:\000G\000r\000a\000p\000h\000\040\000N\000a\000m\000e\000s\000p\000a\000c\000e\000\040\000R\000e\000f\000e\000r\000e\000n\000c\000e}{chapter.6}% 12
\BOOKMARK [2][-]{subsection.6.2.1}{\376\377\0006\000.\0002\000.\0001\000\040\000T\000y\000p\000e\000d\000e\000f\000\040\000D\000o\000c\000u\000m\000e\000n\000t\000a\000t\000i\000o\000n}{section.6.2}% 13
\BOOKMARK [3][-]{subsubsection.6.2.1.1}{\376\377\0006\000.\0002\000.\0001\000.\0001\000\040\000N\000o\000d\000e}{subsection.6.2.1}% 14
\BOOKMARK [2][-]{subsection.6.2.2}{\376\377\0006\000.\0002\000.\0002\000\040\000F\000u\000n\000c\000t\000i\000o\000n\000\040\000D\000o\000c\000u\000m\000e\000n\000t\000a\000t\000i\000o\000n}{section.6.2}% 15
\BOOKMARK [3][-]{subsubsection.6.2.2.1}{\376\377\0006\000.\0002\000.\0002\000.\0001\000\040\000o\000p\000e\000r\000a\000t\000o\000r\000=\000=\000\050\000c\000o\000n\000s\000t\000\040\000E\000d\000g\000e\000\040\000\046\000l\000h\000s\000,\000\040\000c\000o\000n\000s\000t\000\040\000E\000d\000g\000e\000\040\000\046\000r\000h\000s\000\051}{subsection.6.2.2}% 16
\BOOKMARK [1][-]{section.6.3}{\376\377\0006\000.\0003\000\040\000C\000i\000r\000c\000l\000e\000s\000:\000:\000P\000a\000c\000k\000i\000n\000g\000\040\000N\000a\000m\000e\000s\000p\000a\000c\000e\000\040\000R\000e\000f\000e\000r\000e\000n\000c\000e}{chapter.6}% 17
\BOOKMARK [2][-]{subsection.6.3.1}{\376\377\0006\000.\0003\000.\0001\000\040\000F\000u\000n\000c\000t\000i\000o\000n\000\040\000D\000o\000c\000u\000m\000e\000n\000t\000a\000t\000i\000o\000n}{section.6.3}% 18
\BOOKMARK [3][-]{subsubsection.6.3.1.1}{\376\377\0006\000.\0003\000.\0001\000.\0001\000\040\000o\000p\000e\000r\000a\000t\000o\000r\000<\000\050\000c\000o\000n\000s\000t\000\040\000C\000i\000r\000c\000l\000e\000\040\000\046\000l\000h\000s\000,\000\040\000c\000o\000n\000s\000t\000\040\000C\000i\000r\000c\000l\000e\000\040\000\046\000r\000h\000s\000\051}{subsection.6.3.1}% 19
\BOOKMARK [3][-]{subsubsection.6.3.1.2}{\376\377\0006\000.\0003\000.\0001\000.\0002\000\040\000o\000p\000e\000r\000a\000t\000o\000r\000=\000=\000\050\000c\000o\000n\000s\000t\000\040\000E\000u\000c\000l\000i\000d\000C\000i\000r\000c\000l\000e\000\040\000\046\000l\000h\000s\000,\000\040\000c\000o\000n\000s\000t\000\040\000E\000u\000c\000l\000i\000d\000C\000i\000r\000c\000l\000e\000\040\000\046\000r\000h\000s\000\051}{subsection.6.3.1}% 20
\BOOKMARK [3][-]{subsubsection.6.3.1.3}{\376\377\0006\000.\0003\000.\0001\000.\0003\000\040\000o\000p\000e\000r\000a\000t\000o\000r\000=\000=\000\050\000c\000o\000n\000s\000t\000\040\000H\000y\000p\000e\000r\000C\000i\000r\000c\000l\000e\000\040\000\046\000l\000h\000s\000,\000\040\000c\000o\000n\000s\000t\000\040\000H\000y\000p\000e\000r\000C\000i\000r\000c\000l\000e\000\040\000\046\000r\000h\000s\000\051}{subsection.6.3.1}% 21
\BOOKMARK [3][-]{subsubsection.6.3.1.4}{\376\377\0006\000.\0003\000.\0001\000.\0004\000\040\000o\000p\000e\000r\000a\000t\000o\000r\000=\000=\000\050\000c\000o\000n\000s\000t\000\040\000E\000u\000c\000l\000i\000d\000P\000a\000c\000k\000i\000n\000g\000\040\000\046\000l\000h\000s\000,\000\040\000c\000o\000n\000s\000t\000\040\000E\000u\000c\000l\000i\000d\000P\000a\000c\000k\000i\000n\000g\000\040\000\046\000r\000h\000s\000\051}{subsection.6.3.1}% 22
\BOOKMARK [1][-]{section.6.4}{\376\377\0006\000.\0004\000\040\000U\000i\000\040\000N\000a\000m\000e\000s\000p\000a\000c\000e\000\040\000R\000e\000f\000e\000r\000e\000n\000c\000e}{chapter.6}% 23
\BOOKMARK [0][-]{chapter.7}{\376\377\0007\000\040\000C\000l\000a\000s\000s\000\040\000D\000o\000c\000u\000m\000e\000n\000t\000a\000t\000i\000o\000n}{}% 24
\BOOKMARK [1][-]{section.7.1}{\376\377\0007\000.\0001\000\040\000B\000o\000u\000n\000d\000a\000r\000y\000\040\000C\000l\000a\000s\000s\000\040\000R\000e\000f\000e\000r\000e\000n\000c\000e}{chapter.7}% 25
\BOOKMARK [2][-]{subsection.7.1.1}{\376\377\0007\000.\0001\000.\0001\000\040\000C\000o\000n\000s\000t\000r\000u\000c\000t\000o\000r\000\040\000\046\000\040\000D\000e\000s\000t\000r\000u\000c\000t\000o\000r\000\040\000D\000o\000c\000u\000m\000e\000n\000t\000a\000t\000i\000o\000n}{section.7.1}% 26
\BOOKMARK [3][-]{subsubsection.7.1.1.1}{\376\377\0007\000.\0001\000.\0001\000.\0001\000\040\000B\000o\000u\000n\000d\000a\000r\000y\000\050\000\051}{subsection.7.1.1}% 27
\BOOKMARK [2][-]{subsection.7.1.2}{\376\377\0007\000.\0001\000.\0002\000\040\000M\000e\000m\000b\000e\000r\000\040\000F\000u\000n\000c\000t\000i\000o\000n\000\040\000D\000o\000c\000u\000m\000e\000n\000t\000a\000t\000i\000o\000n}{section.7.1}% 28
\BOOKMARK [3][-]{subsubsection.7.1.2.1}{\376\377\0007\000.\0001\000.\0002\000.\0001\000\040\000b\000o\000u\000n\000d\000i\000n\000g\000R\000e\000c\000t\000\050\000\051\000\040\000c\000o\000n\000s\000t\000\040\000o\000v\000e\000r\000r\000i\000d\000e}{subsection.7.1.2}% 29
\BOOKMARK [3][-]{subsubsection.7.1.2.2}{\376\377\0007\000.\0001\000.\0002\000.\0002\000\040\000p\000a\000i\000n\000t\000\050\000Q\000P\000a\000i\000n\000t\000e\000r\000\040\000p\000a\000i\000n\000t\000e\000r\000,\000\040\000c\000o\000n\000s\000t\000\040\000Q\000S\000t\000y\000l\000e\000O\000p\000t\000i\000o\000n\000G\000r\000a\000p\000h\000i\000c\000s\000I\000t\000e\000m\000\040\000o\000p\000t\000i\000o\000n\000,\000\040\000Q\000W\000i\000d\000g\000e\000t\000\040\000w\000i\000d\000g\000e\000t\000=\0000\000\051\000\040\000o\000v\000e\000r\000r\000i\000d\000e}{subsection.7.1.2}% 30
\BOOKMARK [1][-]{section.7.2}{\376\377\0007\000.\0002\000\040\000C\000i\000r\000c\000l\000e\000\040\000C\000l\000a\000s\000s\000\040\000R\000e\000f\000e\000r\000e\000n\000c\000e}{chapter.7}% 31
\BOOKMARK [2][-]{subsection.7.2.1}{\376\377\0007\000.\0002\000.\0001\000\040\000D\000e\000t\000a\000i\000l\000e\000d\000\040\000D\000e\000s\000c\000r\000i\000p\000t\000i\000o\000n}{section.7.2}% 32
\BOOKMARK [2][-]{subsection.7.2.2}{\376\377\0007\000.\0002\000.\0002\000\040\000M\000e\000m\000b\000e\000r\000\040\000E\000n\000u\000m\000e\000r\000a\000t\000i\000o\000n\000\040\000D\000o\000c\000u\000m\000e\000n\000t\000a\000t\000i\000o\000n}{section.7.2}% 33
\BOOKMARK [3][-]{subsubsection.7.2.2.1}{\376\377\0007\000.\0002\000.\0002\000.\0001\000\040\000S\000e\000l\000e\000c\000t\000i\000o\000n\000S\000t\000a\000t\000e}{subsection.7.2.2}% 34
\BOOKMARK [2][-]{subsection.7.2.3}{\376\377\0007\000.\0002\000.\0003\000\040\000C\000o\000n\000s\000t\000r\000u\000c\000t\000o\000r\000\040\000\046\000\040\000D\000e\000s\000t\000r\000u\000c\000t\000o\000r\000\040\000D\000o\000c\000u\000m\000e\000n\000t\000a\000t\000i\000o\000n}{section.7.2}% 35
\BOOKMARK [3][-]{subsubsection.7.2.3.1}{\376\377\0007\000.\0002\000.\0003\000.\0001\000\040\000C\000i\000r\000c\000l\000e\000\050\000N\000o\000d\000e\000\040\000n\000,\000\040\000P\000a\000c\000k\000i\000n\000g\000\040\000p\000\051}{subsection.7.2.3}% 36
\BOOKMARK [2][-]{subsection.7.2.4}{\376\377\0007\000.\0002\000.\0004\000\040\000M\000e\000m\000b\000e\000r\000\040\000F\000u\000n\000c\000t\000i\000o\000n\000\040\000D\000o\000c\000u\000m\000e\000n\000t\000a\000t\000i\000o\000n}{section.7.2}% 37
\BOOKMARK [3][-]{subsubsection.7.2.4.1}{\376\377\0007\000.\0002\000.\0004\000.\0001\000\040\000b\000o\000u\000n\000d\000i\000n\000g\000R\000e\000c\000t\000\050\000\051\000\040\000c\000o\000n\000s\000t\000\040\000Q\000\137\000D\000E\000C\000L\000\137\000O\000V\000E\000R\000R\000I\000D\000E}{subsection.7.2.4}% 38
\BOOKMARK [3][-]{subsubsection.7.2.4.2}{\376\377\0007\000.\0002\000.\0004\000.\0002\000\040\000g\000e\000t\000N\000o\000d\000e\000\050\000\051}{subsection.7.2.4}% 39
\BOOKMARK [3][-]{subsubsection.7.2.4.3}{\376\377\0007\000.\0002\000.\0004\000.\0003\000\040\000g\000e\000t\000S\000e\000l\000e\000c\000t\000i\000o\000n\000S\000t\000a\000t\000e\000\050\000\051}{subsection.7.2.4}% 40
\BOOKMARK [3][-]{subsubsection.7.2.4.4}{\376\377\0007\000.\0002\000.\0004\000.\0004\000\040\000p\000a\000i\000n\000t\000\050\000Q\000P\000a\000i\000n\000t\000e\000r\000\040\000p\000a\000i\000n\000t\000e\000r\000,\000\040\000c\000o\000n\000s\000t\000\040\000Q\000S\000t\000y\000l\000e\000O\000p\000t\000i\000o\000n\000G\000r\000a\000p\000h\000i\000c\000s\000I\000t\000e\000m\000\040\000o\000p\000t\000i\000o\000n\000,\000\040\000Q\000W\000i\000d\000g\000e\000t\000\040\000w\000i\000d\000g\000e\000t\000=\000n\000u\000l\000l\000p\000t\000r\000\051\000\040\000Q\000\137\000D\000E\000C\000L\000\137\000O\000V\000E\000R\000R\000I\000D\000E}{subsection.7.2.4}% 41
\BOOKMARK [3][-]{subsubsection.7.2.4.5}{\376\377\0007\000.\0002\000.\0004\000.\0005\000\040\000s\000e\000t\000S\000e\000l\000e\000c\000t\000i\000o\000n\000S\000t\000a\000t\000e\000\050\000S\000e\000l\000e\000c\000t\000i\000o\000n\000S\000t\000a\000t\000e\000\040\000s\000\051}{subsection.7.2.4}% 42
\BOOKMARK [3][-]{subsubsection.7.2.4.6}{\376\377\0007\000.\0002\000.\0004\000.\0006\000\040\000s\000h\000a\000p\000e\000\050\000\051\000\040\000c\000o\000n\000s\000t\000\040\000Q\000\137\000D\000E\000C\000L\000\137\000O\000V\000E\000R\000R\000I\000D\000E}{subsection.7.2.4}% 43
\BOOKMARK [1][-]{section.7.3}{\376\377\0007\000.\0003\000\040\000C\000i\000r\000c\000l\000e\000s\000:\000:\000P\000a\000c\000k\000i\000n\000g\000:\000:\000C\000i\000r\000c\000l\000e\000\040\000C\000l\000a\000s\000s\000\040\000R\000e\000f\000e\000r\000e\000n\000c\000e}{chapter.7}% 44
\BOOKMARK [2][-]{subsection.7.3.1}{\376\377\0007\000.\0003\000.\0001\000\040\000C\000o\000n\000s\000t\000r\000u\000c\000t\000o\000r\000\040\000\046\000\040\000D\000e\000s\000t\000r\000u\000c\000t\000o\000r\000\040\000D\000o\000c\000u\000m\000e\000n\000t\000a\000t\000i\000o\000n}{section.7.3}% 45
\BOOKMARK [3][-]{subsubsection.7.3.1.1}{\376\377\0007\000.\0003\000.\0001\000.\0001\000\040\000C\000i\000r\000c\000l\000e\000\050\000\051}{subsection.7.3.1}% 46
\BOOKMARK [2][-]{subsection.7.3.2}{\376\377\0007\000.\0003\000.\0002\000\040\000M\000e\000m\000b\000e\000r\000\040\000F\000u\000n\000c\000t\000i\000o\000n\000\040\000D\000o\000c\000u\000m\000e\000n\000t\000a\000t\000i\000o\000n}{section.7.3}% 47
\BOOKMARK [3][-]{subsubsection.7.3.2.1}{\376\377\0007\000.\0003\000.\0002\000.\0001\000\040\000c\000e\000n\000t\000e\000r\000\050\000\051\000\040\000c\000o\000n\000s\000t\000\040\000=\0000}{subsection.7.3.2}% 48
\BOOKMARK [3][-]{subsubsection.7.3.2.2}{\376\377\0007\000.\0003\000.\0002\000.\0002\000\040\000i\000n\000d\000e\000x\000\050\000\051\000\040\000c\000o\000n\000s\000t\000\040}{subsection.7.3.2}% 49
\BOOKMARK [3][-]{subsubsection.7.3.2.3}{\376\377\0007\000.\0003\000.\0002\000.\0003\000\040\000p\000r\000o\000j\000C\000e\000n\000t\000e\000r\000\050\000\051\000\040\000c\000o\000n\000s\000t\000\040\000=\0000}{subsection.7.3.2}% 50
\BOOKMARK [3][-]{subsubsection.7.3.2.4}{\376\377\0007\000.\0003\000.\0002\000.\0004\000\040\000p\000r\000o\000j\000R\000a\000d\000i\000u\000s\000\050\000\051\000\040\000c\000o\000n\000s\000t\000\040\000=\0000}{subsection.7.3.2}% 51
\BOOKMARK [3][-]{subsubsection.7.3.2.5}{\376\377\0007\000.\0003\000.\0002\000.\0005\000\040\000r\000a\000d\000i\000u\000s\000\050\000\051\000\040\000c\000o\000n\000s\000t\000\040\000=\0000}{subsection.7.3.2}% 52
\BOOKMARK [3][-]{subsubsection.7.3.2.6}{\376\377\0007\000.\0003\000.\0002\000.\0006\000\040\000s\000e\000t\000C\000e\000n\000t\000e\000r\000\050\000Q\000P\000o\000i\000n\000t\000F\000\040\000c\000\051\000=\0000}{subsection.7.3.2}% 53
\BOOKMARK [3][-]{subsubsection.7.3.2.7}{\376\377\0007\000.\0003\000.\0002\000.\0007\000\040\000s\000e\000t\000I\000n\000d\000e\000x\000\050\000i\000n\000t\000\040\000i\000n\000d\000e\000x\000\051}{subsection.7.3.2}% 54
\BOOKMARK [3][-]{subsubsection.7.3.2.8}{\376\377\0007\000.\0003\000.\0002\000.\0008\000\040\000s\000e\000t\000R\000a\000d\000i\000u\000s\000\050\000q\000r\000e\000a\000l\000\040\000r\000\051\000=\0000}{subsection.7.3.2}% 55
\BOOKMARK [2][-]{subsection.7.3.3}{\376\377\0007\000.\0003\000.\0003\000\040\000F\000r\000i\000e\000n\000d\000s\000\040\000A\000n\000d\000\040\000R\000e\000l\000a\000t\000e\000d\000\040\000F\000u\000n\000c\000t\000i\000o\000n\000\040\000D\000o\000c\000u\000m\000e\000n\000t\000a\000t\000i\000o\000n}{section.7.3}% 56
\BOOKMARK [3][-]{subsubsection.7.3.3.1}{\376\377\0007\000.\0003\000.\0003\000.\0001\000\040\000o\000p\000e\000r\000a\000t\000o\000r\000<}{subsection.7.3.3}% 57
\BOOKMARK [2][-]{subsection.7.3.4}{\376\377\0007\000.\0003\000.\0004\000\040\000M\000e\000m\000b\000e\000r\000\040\000D\000a\000t\000a\000\040\000D\000o\000c\000u\000m\000e\000n\000t\000a\000t\000i\000o\000n}{section.7.3}% 58
\BOOKMARK [3][-]{subsubsection.7.3.4.1}{\376\377\0007\000.\0003\000.\0004\000.\0001\000\040\000\137\000c\000e\000n\000t\000e\000r}{subsection.7.3.4}% 59
\BOOKMARK [3][-]{subsubsection.7.3.4.2}{\376\377\0007\000.\0003\000.\0004\000.\0002\000\040\000\137\000i\000n\000d\000e\000x}{subsection.7.3.4}% 60
\BOOKMARK [3][-]{subsubsection.7.3.4.3}{\376\377\0007\000.\0003\000.\0004\000.\0003\000\040\000\137\000r\000a\000d\000i\000u\000s}{subsection.7.3.4}% 61
\BOOKMARK [1][-]{section.7.4}{\376\377\0007\000.\0004\000\040\000C\000o\000n\000n\000e\000c\000t\000o\000r\000\040\000C\000l\000a\000s\000s\000\040\000R\000e\000f\000e\000r\000e\000n\000c\000e}{chapter.7}% 62
\BOOKMARK [2][-]{subsection.7.4.1}{\376\377\0007\000.\0004\000.\0001\000\040\000C\000o\000n\000s\000t\000r\000u\000c\000t\000o\000r\000\040\000\046\000\040\000D\000e\000s\000t\000r\000u\000c\000t\000o\000r\000\040\000D\000o\000c\000u\000m\000e\000n\000t\000a\000t\000i\000o\000n}{section.7.4}% 63
\BOOKMARK [3][-]{subsubsection.7.4.1.1}{\376\377\0007\000.\0004\000.\0001\000.\0001\000\040\000C\000o\000n\000n\000e\000c\000t\000o\000r\000\050\000N\000o\000d\000e\000\040\000n\0001\000,\000\040\000N\000o\000d\000e\000\040\000n\0002\000\051}{subsection.7.4.1}% 64
\BOOKMARK [2][-]{subsection.7.4.2}{\376\377\0007\000.\0004\000.\0002\000\040\000M\000e\000m\000b\000e\000r\000\040\000F\000u\000n\000c\000t\000i\000o\000n\000\040\000D\000o\000c\000u\000m\000e\000n\000t\000a\000t\000i\000o\000n}{section.7.4}% 65
\BOOKMARK [3][-]{subsubsection.7.4.2.1}{\376\377\0007\000.\0004\000.\0002\000.\0001\000\040\000b\000o\000u\000n\000d\000i\000n\000g\000R\000e\000c\000t\000\050\000\051\000\040\000c\000o\000n\000s\000t\000\040\000Q\000\137\000D\000E\000C\000L\000\137\000O\000V\000E\000R\000R\000I\000D\000E}{subsection.7.4.2}% 66
\BOOKMARK [3][-]{subsubsection.7.4.2.2}{\376\377\0007\000.\0004\000.\0002\000.\0002\000\040\000p\000a\000i\000n\000t\000\050\000Q\000P\000a\000i\000n\000t\000e\000r\000\040\000p\000a\000i\000n\000t\000e\000r\000,\000\040\000c\000o\000n\000s\000t\000\040\000Q\000S\000t\000y\000l\000e\000O\000p\000t\000i\000o\000n\000G\000r\000a\000p\000h\000i\000c\000s\000I\000t\000e\000m\000\040\000o\000p\000t\000i\000o\000n\000,\000\040\000Q\000W\000i\000d\000g\000e\000t\000\040\000w\000i\000d\000g\000e\000t\000=\000n\000u\000l\000l\000p\000t\000r\000\051\000\040\000Q\000\137\000D\000E\000C\000L\000\137\000O\000V\000E\000R\000R\000I\000D\000E}{subsection.7.4.2}% 67
\BOOKMARK [1][-]{section.7.5}{\376\377\0007\000.\0005\000\040\000C\000i\000r\000c\000l\000e\000s\000:\000:\000G\000r\000a\000p\000h\000:\000:\000E\000d\000g\000e\000\040\000C\000l\000a\000s\000s\000\040\000R\000e\000f\000e\000r\000e\000n\000c\000e}{chapter.7}% 68
\BOOKMARK [2][-]{subsection.7.5.1}{\376\377\0007\000.\0005\000.\0001\000\040\000D\000e\000t\000a\000i\000l\000e\000d\000\040\000D\000e\000s\000c\000r\000i\000p\000t\000i\000o\000n}{section.7.5}% 69
\BOOKMARK [2][-]{subsection.7.5.2}{\376\377\0007\000.\0005\000.\0002\000\040\000C\000o\000n\000s\000t\000r\000u\000c\000t\000o\000r\000\040\000\046\000\040\000D\000e\000s\000t\000r\000u\000c\000t\000o\000r\000\040\000D\000o\000c\000u\000m\000e\000n\000t\000a\000t\000i\000o\000n}{section.7.5}% 70
\BOOKMARK [3][-]{subsubsection.7.5.2.1}{\376\377\0007\000.\0005\000.\0002\000.\0001\000\040\000E\000d\000g\000e\000\050\000\051}{subsection.7.5.2}% 71
\BOOKMARK [3][-]{subsubsection.7.5.2.2}{\376\377\0007\000.\0005\000.\0002\000.\0002\000\040\000E\000d\000g\000e\000\050\000i\000n\000t\000\040\000x\000,\000\040\000i\000n\000t\000\040\000y\000\051}{subsection.7.5.2}% 72
\BOOKMARK [3][-]{subsubsection.7.5.2.3}{\376\377\0007\000.\0005\000.\0002\000.\0003\000\040\000E\000d\000g\000e\000\050\000c\000o\000n\000s\000t\000\040\000E\000d\000g\000e\000\040\000\046\000o\000t\000h\000e\000r\000\051}{subsection.7.5.2}% 73
\BOOKMARK [2][-]{subsection.7.5.3}{\376\377\0007\000.\0005\000.\0003\000\040\000M\000e\000m\000b\000e\000r\000\040\000F\000u\000n\000c\000t\000i\000o\000n\000\040\000D\000o\000c\000u\000m\000e\000n\000t\000a\000t\000i\000o\000n}{section.7.5}% 74
\BOOKMARK [3][-]{subsubsection.7.5.3.1}{\376\377\0007\000.\0005\000.\0003\000.\0001\000\040\000g\000e\000t\000X\000\050\000\051}{subsection.7.5.3}% 75
\BOOKMARK [3][-]{subsubsection.7.5.3.2}{\376\377\0007\000.\0005\000.\0003\000.\0002\000\040\000g\000e\000t\000Y\000\050\000\051}{subsection.7.5.3}% 76
\BOOKMARK [3][-]{subsubsection.7.5.3.3}{\376\377\0007\000.\0005\000.\0003\000.\0003\000\040\000o\000p\000e\000r\000a\000t\000o\000r\000=\000\050\000c\000o\000n\000s\000t\000\040\000E\000d\000g\000e\000\040\000\046\000o\000t\000h\000e\000r\000\051}{subsection.7.5.3}% 77
\BOOKMARK [3][-]{subsubsection.7.5.3.4}{\376\377\0007\000.\0005\000.\0003\000.\0004\000\040\000s\000e\000t\000\050\000i\000n\000t\000\040\000x\000,\000\040\000i\000n\000t\000\040\000y\000\051}{subsection.7.5.3}% 78
\BOOKMARK [3][-]{subsubsection.7.5.3.5}{\376\377\0007\000.\0005\000.\0003\000.\0005\000\040\000s\000e\000t\000X\000\050\000i\000n\000t\000\040\000x\000\051}{subsection.7.5.3}% 79
\BOOKMARK [3][-]{subsubsection.7.5.3.6}{\376\377\0007\000.\0005\000.\0003\000.\0006\000\040\000s\000e\000t\000Y\000\050\000i\000n\000t\000\040\000y\000\051}{subsection.7.5.3}% 80
\BOOKMARK [2][-]{subsection.7.5.4}{\376\377\0007\000.\0005\000.\0004\000\040\000F\000r\000i\000e\000n\000d\000s\000\040\000A\000n\000d\000\040\000R\000e\000l\000a\000t\000e\000d\000\040\000F\000u\000n\000c\000t\000i\000o\000n\000\040\000D\000o\000c\000u\000m\000e\000n\000t\000a\000t\000i\000o\000n}{section.7.5}% 81
\BOOKMARK [3][-]{subsubsection.7.5.4.1}{\376\377\0007\000.\0005\000.\0004\000.\0001\000\040\000o\000p\000e\000r\000a\000t\000o\000r\000=\000=}{subsection.7.5.4}% 82
\BOOKMARK [1][-]{section.7.6}{\376\377\0007\000.\0006\000\040\000C\000i\000r\000c\000l\000e\000s\000:\000:\000P\000a\000c\000k\000i\000n\000g\000:\000:\000E\000u\000c\000l\000i\000d\000C\000i\000r\000c\000l\000e\000\040\000C\000l\000a\000s\000s\000\040\000R\000e\000f\000e\000r\000e\000n\000c\000e}{chapter.7}% 83
\BOOKMARK [2][-]{subsection.7.6.1}{\376\377\0007\000.\0006\000.\0001\000\040\000D\000e\000t\000a\000i\000l\000e\000d\000\040\000D\000e\000s\000c\000r\000i\000p\000t\000i\000o\000n}{section.7.6}% 84
\BOOKMARK [2][-]{subsection.7.6.2}{\376\377\0007\000.\0006\000.\0002\000\040\000C\000o\000n\000s\000t\000r\000u\000c\000t\000o\000r\000\040\000\046\000\040\000D\000e\000s\000t\000r\000u\000c\000t\000o\000r\000\040\000D\000o\000c\000u\000m\000e\000n\000t\000a\000t\000i\000o\000n}{section.7.6}% 85
\BOOKMARK [3][-]{subsubsection.7.6.2.1}{\376\377\0007\000.\0006\000.\0002\000.\0001\000\040\000E\000u\000c\000l\000i\000d\000C\000i\000r\000c\000l\000e\000\050\000\051}{subsection.7.6.2}% 86
\BOOKMARK [3][-]{subsubsection.7.6.2.2}{\376\377\0007\000.\0006\000.\0002\000.\0002\000\040\000E\000u\000c\000l\000i\000d\000C\000i\000r\000c\000l\000e\000\050\000c\000o\000n\000s\000t\000\040\000Q\000P\000o\000i\000n\000t\000F\000\040\000\046\000c\000e\000n\000t\000e\000r\000,\000\040\000q\000r\000e\000a\000l\000\040\000r\000a\000d\000i\000u\000s\000,\000\040\000i\000n\000t\000\040\000i\000n\000d\000e\000x\000\051}{subsection.7.6.2}% 87
\BOOKMARK [3][-]{subsubsection.7.6.2.3}{\376\377\0007\000.\0006\000.\0002\000.\0003\000\040\000E\000u\000c\000l\000i\000d\000C\000i\000r\000c\000l\000e\000\050\000c\000o\000n\000s\000t\000\040\000E\000u\000c\000l\000i\000d\000C\000i\000r\000c\000l\000e\000\040\000\046\000o\000t\000h\000e\000r\000\051}{subsection.7.6.2}% 88
\BOOKMARK [2][-]{subsection.7.6.3}{\376\377\0007\000.\0006\000.\0003\000\040\000M\000e\000m\000b\000e\000r\000\040\000F\000u\000n\000c\000t\000i\000o\000n\000\040\000D\000o\000c\000u\000m\000e\000n\000t\000a\000t\000i\000o\000n}{section.7.6}% 89
\BOOKMARK [3][-]{subsubsection.7.6.3.1}{\376\377\0007\000.\0006\000.\0003\000.\0001\000\040\000c\000e\000n\000t\000e\000r\000\050\000\051\000\040\000c\000o\000n\000s\000t\000\040\000o\000v\000e\000r\000r\000i\000d\000e}{subsection.7.6.3}% 90
\BOOKMARK [3][-]{subsubsection.7.6.3.2}{\376\377\0007\000.\0006\000.\0003\000.\0002\000\040\000o\000p\000e\000r\000a\000t\000o\000r\000=\000\050\000c\000o\000n\000s\000t\000\040\000E\000u\000c\000l\000i\000d\000C\000i\000r\000c\000l\000e\000\040\000\046\000o\000t\000h\000e\000r\000\051}{subsection.7.6.3}% 91
\BOOKMARK [3][-]{subsubsection.7.6.3.3}{\376\377\0007\000.\0006\000.\0003\000.\0003\000\040\000p\000r\000o\000j\000C\000e\000n\000t\000e\000r\000\050\000\051\000\040\000c\000o\000n\000s\000t\000\040\000o\000v\000e\000r\000r\000i\000d\000e}{subsection.7.6.3}% 92
\BOOKMARK [3][-]{subsubsection.7.6.3.4}{\376\377\0007\000.\0006\000.\0003\000.\0004\000\040\000p\000r\000o\000j\000R\000a\000d\000i\000u\000s\000\050\000\051\000\040\000c\000o\000n\000s\000t\000\040\000o\000v\000e\000r\000r\000i\000d\000e}{subsection.7.6.3}% 93
\BOOKMARK [3][-]{subsubsection.7.6.3.5}{\376\377\0007\000.\0006\000.\0003\000.\0005\000\040\000r\000a\000d\000i\000u\000s\000\050\000\051\000\040\000c\000o\000n\000s\000t\000\040\000o\000v\000e\000r\000r\000i\000d\000e}{subsection.7.6.3}% 94
\BOOKMARK [3][-]{subsubsection.7.6.3.6}{\376\377\0007\000.\0006\000.\0003\000.\0006\000\040\000s\000e\000t\000C\000e\000n\000t\000e\000r\000\050\000Q\000P\000o\000i\000n\000t\000F\000\040\000c\000\051\000\040\000o\000v\000e\000r\000r\000i\000d\000e}{subsection.7.6.3}% 95
\BOOKMARK [3][-]{subsubsection.7.6.3.7}{\376\377\0007\000.\0006\000.\0003\000.\0007\000\040\000s\000e\000t\000R\000a\000d\000i\000u\000s\000\050\000q\000r\000e\000a\000l\000\040\000r\000\051\000\040\000o\000v\000e\000r\000r\000i\000d\000e}{subsection.7.6.3}% 96
\BOOKMARK [2][-]{subsection.7.6.4}{\376\377\0007\000.\0006\000.\0004\000\040\000F\000r\000i\000e\000n\000d\000s\000\040\000A\000n\000d\000\040\000R\000e\000l\000a\000t\000e\000d\000\040\000F\000u\000n\000c\000t\000i\000o\000n\000\040\000D\000o\000c\000u\000m\000e\000n\000t\000a\000t\000i\000o\000n}{section.7.6}% 97
\BOOKMARK [3][-]{subsubsection.7.6.4.1}{\376\377\0007\000.\0006\000.\0004\000.\0001\000\040\000o\000p\000e\000r\000a\000t\000o\000r\000=\000=}{subsection.7.6.4}% 98
\BOOKMARK [1][-]{section.7.7}{\376\377\0007\000.\0007\000\040\000C\000i\000r\000c\000l\000e\000s\000:\000:\000P\000a\000c\000k\000i\000n\000g\000:\000:\000E\000u\000c\000l\000i\000d\000P\000a\000c\000k\000i\000n\000g\000\040\000C\000l\000a\000s\000s\000\040\000R\000e\000f\000e\000r\000e\000n\000c\000e}{chapter.7}% 99
\BOOKMARK [2][-]{subsection.7.7.1}{\376\377\0007\000.\0007\000.\0001\000\040\000D\000e\000t\000a\000i\000l\000e\000d\000\040\000D\000e\000s\000c\000r\000i\000p\000t\000i\000o\000n}{section.7.7}% 100
\BOOKMARK [2][-]{subsection.7.7.2}{\376\377\0007\000.\0007\000.\0002\000\040\000C\000o\000n\000s\000t\000r\000u\000c\000t\000o\000r\000\040\000\046\000\040\000D\000e\000s\000t\000r\000u\000c\000t\000o\000r\000\040\000D\000o\000c\000u\000m\000e\000n\000t\000a\000t\000i\000o\000n}{section.7.7}% 101
\BOOKMARK [3][-]{subsubsection.7.7.2.1}{\376\377\0007\000.\0007\000.\0002\000.\0001\000\040\000E\000u\000c\000l\000i\000d\000P\000a\000c\000k\000i\000n\000g\000\050\000\051}{subsection.7.7.2}% 102
\BOOKMARK [3][-]{subsubsection.7.7.2.2}{\376\377\0007\000.\0007\000.\0002\000.\0002\000\040\000E\000u\000c\000l\000i\000d\000P\000a\000c\000k\000i\000n\000g\000\050\000s\000t\000d\000:\000:\000s\000h\000a\000r\000e\000d\000\137\000p\000t\000r\000<\000\040\000G\000r\000a\000p\000h\000:\000:\000G\000r\000a\000p\000h\000\040\000>\000\040\000g\000\051}{subsection.7.7.2}% 103
\BOOKMARK [3][-]{subsubsection.7.7.2.3}{\376\377\0007\000.\0007\000.\0002\000.\0003\000\040\000E\000u\000c\000l\000i\000d\000P\000a\000c\000k\000i\000n\000g\000\050\000s\000t\000d\000:\000:\000s\000h\000a\000r\000e\000d\000\137\000p\000t\000r\000<\000\040\000G\000r\000a\000p\000h\000:\000:\000G\000r\000a\000p\000h\000\040\000>\000\040\000g\000,\000\040\000c\000o\000n\000s\000t\000\040\000Q\000L\000i\000s\000t\000<\000\040\000C\000i\000r\000c\000l\000e\000\040\000\040\000>\000\040\000\046\000c\000i\000r\000c\000l\000e\000s\000\051}{subsection.7.7.2}% 104
\BOOKMARK [3][-]{subsubsection.7.7.2.4}{\376\377\0007\000.\0007\000.\0002\000.\0004\000\040\000E\000u\000c\000l\000i\000d\000P\000a\000c\000k\000i\000n\000g\000\050\000c\000o\000n\000s\000t\000\040\000E\000u\000c\000l\000i\000d\000P\000a\000c\000k\000i\000n\000g\000\040\000\046\000o\000t\000h\000e\000r\000\051}{subsection.7.7.2}% 105
\BOOKMARK [3][-]{subsubsection.7.7.2.5}{\376\377\0007\000.\0007\000.\0002\000.\0005\000\040\000E\000u\000c\000l\000i\000d\000P\000a\000c\000k\000i\000n\000g\000\050\000E\000u\000c\000l\000i\000d\000P\000a\000c\000k\000i\000n\000g\000\040\000\046\000\046\000o\000t\000h\000e\000r\000\051}{subsection.7.7.2}% 106
\BOOKMARK [2][-]{subsection.7.7.3}{\376\377\0007\000.\0007\000.\0003\000\040\000M\000e\000m\000b\000e\000r\000\040\000F\000u\000n\000c\000t\000i\000o\000n\000\040\000D\000o\000c\000u\000m\000e\000n\000t\000a\000t\000i\000o\000n}{section.7.7}% 107
\BOOKMARK [3][-]{subsubsection.7.7.3.1}{\376\377\0007\000.\0007\000.\0003\000.\0001\000\040\000o\000p\000e\000r\000a\000t\000o\000r\000=\000\050\000c\000o\000n\000s\000t\000\040\000E\000u\000c\000l\000i\000d\000P\000a\000c\000k\000i\000n\000g\000\040\000\046\000o\000t\000h\000e\000r\000\051}{subsection.7.7.3}% 108
\BOOKMARK [3][-]{subsubsection.7.7.3.2}{\376\377\0007\000.\0007\000.\0003\000.\0002\000\040\000o\000p\000e\000r\000a\000t\000o\000r\000=\000\050\000E\000u\000c\000l\000i\000d\000P\000a\000c\000k\000i\000n\000g\000\040\000\046\000\046\000o\000t\000h\000e\000r\000\051}{subsection.7.7.3}% 109
\BOOKMARK [2][-]{subsection.7.7.4}{\376\377\0007\000.\0007\000.\0004\000\040\000F\000r\000i\000e\000n\000d\000s\000\040\000A\000n\000d\000\040\000R\000e\000l\000a\000t\000e\000d\000\040\000F\000u\000n\000c\000t\000i\000o\000n\000\040\000D\000o\000c\000u\000m\000e\000n\000t\000a\000t\000i\000o\000n}{section.7.7}% 110
\BOOKMARK [3][-]{subsubsection.7.7.4.1}{\376\377\0007\000.\0007\000.\0004\000.\0001\000\040\000o\000p\000e\000r\000a\000t\000o\000r\000=\000=}{subsection.7.7.4}% 111
\BOOKMARK [1][-]{section.7.8}{\376\377\0007\000.\0008\000\040\000C\000i\000r\000c\000l\000e\000s\000:\000:\000G\000r\000a\000p\000h\000:\000:\000G\000r\000a\000p\000h\000\040\000C\000l\000a\000s\000s\000\040\000R\000e\000f\000e\000r\000e\000n\000c\000e}{chapter.7}% 112
\BOOKMARK [2][-]{subsection.7.8.1}{\376\377\0007\000.\0008\000.\0001\000\040\000D\000e\000t\000a\000i\000l\000e\000d\000\040\000D\000e\000s\000c\000r\000i\000p\000t\000i\000o\000n}{section.7.8}% 113
\BOOKMARK [2][-]{subsection.7.8.2}{\376\377\0007\000.\0008\000.\0002\000\040\000C\000o\000n\000s\000t\000r\000u\000c\000t\000o\000r\000\040\000\046\000\040\000D\000e\000s\000t\000r\000u\000c\000t\000o\000r\000\040\000D\000o\000c\000u\000m\000e\000n\000t\000a\000t\000i\000o\000n}{section.7.8}% 114
\BOOKMARK [3][-]{subsubsection.7.8.2.1}{\376\377\0007\000.\0008\000.\0002\000.\0001\000\040\000G\000r\000a\000p\000h\000\050\000\051}{subsection.7.8.2}% 115
\BOOKMARK [3][-]{subsubsection.7.8.2.2}{\376\377\0007\000.\0008\000.\0002\000.\0002\000\040\000G\000r\000a\000p\000h\000\050\000c\000o\000n\000s\000t\000\040\000G\000r\000a\000p\000h\000\040\000\046\000o\000t\000h\000e\000r\000\051}{subsection.7.8.2}% 116
\BOOKMARK [3][-]{subsubsection.7.8.2.3}{\376\377\0007\000.\0008\000.\0002\000.\0003\000\040\000G\000r\000a\000p\000h\000\050\000G\000r\000a\000p\000h\000\040\000\046\000\046\000o\000t\000h\000e\000r\000\051}{subsection.7.8.2}% 117
\BOOKMARK [2][-]{subsection.7.8.3}{\376\377\0007\000.\0008\000.\0003\000\040\000M\000e\000m\000b\000e\000r\000\040\000F\000u\000n\000c\000t\000i\000o\000n\000\040\000D\000o\000c\000u\000m\000e\000n\000t\000a\000t\000i\000o\000n}{section.7.8}% 118
\BOOKMARK [3][-]{subsubsection.7.8.3.1}{\376\377\0007\000.\0008\000.\0003\000.\0001\000\040\000a\000d\000d\000E\000d\000g\000e\000\050\000N\000o\000d\000e\000\040\000x\000,\000\040\000N\000o\000d\000e\000\040\000y\000\051}{subsection.7.8.3}% 119
\BOOKMARK [3][-]{subsubsection.7.8.3.2}{\376\377\0007\000.\0008\000.\0003\000.\0002\000\040\000a\000d\000d\000E\000d\000g\000e\000\050\000E\000d\000g\000e\000\040\000e\000\051}{subsection.7.8.3}% 120
\BOOKMARK [3][-]{subsubsection.7.8.3.3}{\376\377\0007\000.\0008\000.\0003\000.\0003\000\040\000b\000o\000u\000n\000d\000a\000r\000y\000\050\000\051}{subsection.7.8.3}% 121
\BOOKMARK [3][-]{subsubsection.7.8.3.4}{\376\377\0007\000.\0008\000.\0003\000.\0004\000\040\000g\000e\000t\000E\000d\000g\000e\000s\000\050\000\051\000\040\000c\000o\000n\000s\000t\000\040}{subsection.7.8.3}% 122
\BOOKMARK [3][-]{subsubsection.7.8.3.5}{\376\377\0007\000.\0008\000.\0003\000.\0005\000\040\000g\000e\000t\000N\000o\000d\000e\000s\000\050\000\051\000\040\000c\000o\000n\000s\000t\000\040}{subsection.7.8.3}% 123
\BOOKMARK [3][-]{subsubsection.7.8.3.6}{\376\377\0007\000.\0008\000.\0003\000.\0006\000\040\000h\000a\000s\000E\000d\000g\000e\000\050\000N\000o\000d\000e\000\040\000x\000,\000\040\000N\000o\000d\000e\000\040\000y\000\051\000\040\000c\000o\000n\000s\000t\000\040}{subsection.7.8.3}% 124
\BOOKMARK [3][-]{subsubsection.7.8.3.7}{\376\377\0007\000.\0008\000.\0003\000.\0007\000\040\000h\000a\000s\000F\000u\000l\000l\000F\000l\000o\000w\000e\000r\000\050\000N\000o\000d\000e\000\040\000n\000\051}{subsection.7.8.3}% 125
\BOOKMARK [3][-]{subsubsection.7.8.3.8}{\376\377\0007\000.\0008\000.\0003\000.\0008\000\040\000i\000s\000B\000o\000u\000n\000d\000a\000r\000y\000\050\000N\000o\000d\000e\000\040\000n\000\051}{subsection.7.8.3}% 126
\BOOKMARK [3][-]{subsubsection.7.8.3.9}{\376\377\0007\000.\0008\000.\0003\000.\0009\000\040\000n\000e\000i\000g\000h\000b\000o\000u\000r\000s\000\050\000N\000o\000d\000e\000\040\000i\000\051\000\040\000c\000o\000n\000s\000t\000\040}{subsection.7.8.3}% 127
\BOOKMARK [3][-]{subsubsection.7.8.3.10}{\376\377\0007\000.\0008\000.\0003\000.\0001\0000\000\040\000o\000p\000e\000r\000a\000t\000o\000r\000=\000\050\000c\000o\000n\000s\000t\000\040\000G\000r\000a\000p\000h\000\040\000\046\000o\000t\000h\000e\000r\000\051}{subsection.7.8.3}% 128
\BOOKMARK [3][-]{subsubsection.7.8.3.11}{\376\377\0007\000.\0008\000.\0003\000.\0001\0001\000\040\000o\000p\000e\000r\000a\000t\000o\000r\000=\000\050\000G\000r\000a\000p\000h\000\040\000\046\000\046\000o\000t\000h\000e\000r\000\051}{subsection.7.8.3}% 129
\BOOKMARK [3][-]{subsubsection.7.8.3.12}{\376\377\0007\000.\0008\000.\0003\000.\0001\0002\000\040\000r\000e\000m\000o\000v\000e\000E\000d\000g\000e\000\050\000N\000o\000d\000e\000\040\000x\000,\000\040\000N\000o\000d\000e\000\040\000y\000\051}{subsection.7.8.3}% 130
\BOOKMARK [3][-]{subsubsection.7.8.3.13}{\376\377\0007\000.\0008\000.\0003\000.\0001\0003\000\040\000s\000o\000r\000t\000e\000d\000N\000e\000i\000g\000h\000b\000o\000u\000r\000s\000\050\000N\000o\000d\000e\000\040\000n\000\051}{subsection.7.8.3}% 131
\BOOKMARK [1][-]{section.7.9}{\376\377\0007\000.\0009\000\040\000C\000i\000r\000c\000l\000e\000s\000:\000:\000P\000a\000c\000k\000i\000n\000g\000:\000:\000H\000y\000p\000e\000r\000C\000i\000r\000c\000l\000e\000\040\000C\000l\000a\000s\000s\000\040\000R\000e\000f\000e\000r\000e\000n\000c\000e}{chapter.7}% 132
\BOOKMARK [2][-]{subsection.7.9.1}{\376\377\0007\000.\0009\000.\0001\000\040\000D\000e\000t\000a\000i\000l\000e\000d\000\040\000D\000e\000s\000c\000r\000i\000p\000t\000i\000o\000n}{section.7.9}% 133
\BOOKMARK [2][-]{subsection.7.9.2}{\376\377\0007\000.\0009\000.\0002\000\040\000C\000o\000n\000s\000t\000r\000u\000c\000t\000o\000r\000\040\000\046\000\040\000D\000e\000s\000t\000r\000u\000c\000t\000o\000r\000\040\000D\000o\000c\000u\000m\000e\000n\000t\000a\000t\000i\000o\000n}{section.7.9}% 134
\BOOKMARK [3][-]{subsubsection.7.9.2.1}{\376\377\0007\000.\0009\000.\0002\000.\0001\000\040\000H\000y\000p\000e\000r\000C\000i\000r\000c\000l\000e\000\050\000\051}{subsection.7.9.2}% 135
\BOOKMARK [3][-]{subsubsection.7.9.2.2}{\376\377\0007\000.\0009\000.\0002\000.\0002\000\040\000H\000y\000p\000e\000r\000C\000i\000r\000c\000l\000e\000\050\000c\000o\000n\000s\000t\000\040\000Q\000P\000o\000i\000n\000t\000F\000\040\000\046\000c\000e\000n\000t\000e\000r\000,\000\040\000q\000r\000e\000a\000l\000\040\000r\000a\000d\000i\000u\000s\000,\000\040\000i\000n\000t\000\040\000i\000n\000d\000e\000x\000\051}{subsection.7.9.2}% 136
\BOOKMARK [3][-]{subsubsection.7.9.2.3}{\376\377\0007\000.\0009\000.\0002\000.\0003\000\040\000H\000y\000p\000e\000r\000C\000i\000r\000c\000l\000e\000\050\000c\000o\000n\000s\000t\000\040\000H\000y\000p\000e\000r\000C\000i\000r\000c\000l\000e\000\040\000\046\000o\000t\000h\000e\000r\000\051}{subsection.7.9.2}% 137
\BOOKMARK [2][-]{subsection.7.9.3}{\376\377\0007\000.\0009\000.\0003\000\040\000M\000e\000m\000b\000e\000r\000\040\000F\000u\000n\000c\000t\000i\000o\000n\000\040\000D\000o\000c\000u\000m\000e\000n\000t\000a\000t\000i\000o\000n}{section.7.9}% 138
\BOOKMARK [3][-]{subsubsection.7.9.3.1}{\376\377\0007\000.\0009\000.\0003\000.\0001\000\040\000c\000e\000n\000t\000e\000r\000\050\000\051\000\040\000c\000o\000n\000s\000t\000\040\000o\000v\000e\000r\000r\000i\000d\000e}{subsection.7.9.3}% 139
\BOOKMARK [3][-]{subsubsection.7.9.3.2}{\376\377\0007\000.\0009\000.\0003\000.\0002\000\040\000o\000p\000e\000r\000a\000t\000o\000r\000=\000\050\000c\000o\000n\000s\000t\000\040\000H\000y\000p\000e\000r\000C\000i\000r\000c\000l\000e\000\040\000\046\000o\000t\000h\000e\000r\000\051}{subsection.7.9.3}% 140
\BOOKMARK [3][-]{subsubsection.7.9.3.3}{\376\377\0007\000.\0009\000.\0003\000.\0003\000\040\000p\000r\000o\000j\000C\000e\000n\000t\000e\000r\000\050\000\051\000\040\000c\000o\000n\000s\000t\000\040\000o\000v\000e\000r\000r\000i\000d\000e}{subsection.7.9.3}% 141
\BOOKMARK [3][-]{subsubsection.7.9.3.4}{\376\377\0007\000.\0009\000.\0003\000.\0004\000\040\000p\000r\000o\000j\000R\000a\000d\000i\000u\000s\000\050\000\051\000\040\000c\000o\000n\000s\000t\000\040\000o\000v\000e\000r\000r\000i\000d\000e}{subsection.7.9.3}% 142
\BOOKMARK [3][-]{subsubsection.7.9.3.5}{\376\377\0007\000.\0009\000.\0003\000.\0005\000\040\000r\000a\000d\000i\000u\000s\000\050\000\051\000\040\000c\000o\000n\000s\000t\000\040\000o\000v\000e\000r\000r\000i\000d\000e}{subsection.7.9.3}% 143
\BOOKMARK [3][-]{subsubsection.7.9.3.6}{\376\377\0007\000.\0009\000.\0003\000.\0006\000\040\000s\000e\000t\000C\000e\000n\000t\000e\000r\000\050\000Q\000P\000o\000i\000n\000t\000F\000\040\000c\000\051\000\040\000o\000v\000e\000r\000r\000i\000d\000e}{subsection.7.9.3}% 144
\BOOKMARK [3][-]{subsubsection.7.9.3.7}{\376\377\0007\000.\0009\000.\0003\000.\0007\000\040\000s\000e\000t\000R\000a\000d\000i\000u\000s\000\050\000q\000r\000e\000a\000l\000\040\000r\000\051\000\040\000o\000v\000e\000r\000r\000i\000d\000e}{subsection.7.9.3}% 145
\BOOKMARK [2][-]{subsection.7.9.4}{\376\377\0007\000.\0009\000.\0004\000\040\000F\000r\000i\000e\000n\000d\000s\000\040\000A\000n\000d\000\040\000R\000e\000l\000a\000t\000e\000d\000\040\000F\000u\000n\000c\000t\000i\000o\000n\000\040\000D\000o\000c\000u\000m\000e\000n\000t\000a\000t\000i\000o\000n}{section.7.9}% 146
\BOOKMARK [3][-]{subsubsection.7.9.4.1}{\376\377\0007\000.\0009\000.\0004\000.\0001\000\040\000o\000p\000e\000r\000a\000t\000o\000r\000=\000=}{subsection.7.9.4}% 147
\BOOKMARK [1][-]{section.7.10}{\376\377\0007\000.\0001\0000\000\040\000M\000a\000i\000n\000W\000i\000n\000d\000o\000w\000\040\000C\000l\000a\000s\000s\000\040\000R\000e\000f\000e\000r\000e\000n\000c\000e}{chapter.7}% 148
\BOOKMARK [2][-]{subsection.7.10.1}{\376\377\0007\000.\0001\0000\000.\0001\000\040\000C\000o\000n\000s\000t\000r\000u\000c\000t\000o\000r\000\040\000\046\000\040\000D\000e\000s\000t\000r\000u\000c\000t\000o\000r\000\040\000D\000o\000c\000u\000m\000e\000n\000t\000a\000t\000i\000o\000n}{section.7.10}% 149
\BOOKMARK [3][-]{subsubsection.7.10.1.1}{\376\377\0007\000.\0001\0000\000.\0001\000.\0001\000\040\000M\000a\000i\000n\000W\000i\000n\000d\000o\000w\000\050\000Q\000W\000i\000d\000g\000e\000t\000\040\000p\000a\000r\000e\000n\000t\000=\0000\000\051}{subsection.7.10.1}% 150
\BOOKMARK [3][-]{subsubsection.7.10.1.2}{\376\377\0007\000.\0001\0000\000.\0001\000.\0002\000\040\000M\000a\000i\000n\000W\000i\000n\000d\000o\000w\000\050\000\051}{subsection.7.10.1}% 151
\BOOKMARK [1][-]{section.7.11}{\376\377\0007\000.\0001\0001\000\040\000N\000o\000d\000e\000\040\000C\000l\000a\000s\000s\000\040\000R\000e\000f\000e\000r\000e\000n\000c\000e}{chapter.7}% 152
\BOOKMARK [2][-]{subsection.7.11.1}{\376\377\0007\000.\0001\0001\000.\0001\000\040\000D\000e\000t\000a\000i\000l\000e\000d\000\040\000D\000e\000s\000c\000r\000i\000p\000t\000i\000o\000n}{section.7.11}% 153
\BOOKMARK [2][-]{subsection.7.11.2}{\376\377\0007\000.\0001\0001\000.\0002\000\040\000C\000o\000n\000s\000t\000r\000u\000c\000t\000o\000r\000\040\000\046\000\040\000D\000e\000s\000t\000r\000u\000c\000t\000o\000r\000\040\000D\000o\000c\000u\000m\000e\000n\000t\000a\000t\000i\000o\000n}{section.7.11}% 154
\BOOKMARK [3][-]{subsubsection.7.11.2.1}{\376\377\0007\000.\0001\0001\000.\0002\000.\0001\000\040\000N\000o\000d\000e\000\050\000c\000o\000n\000s\000t\000\040\000N\000o\000d\000e\000\040\000n\000\051}{subsection.7.11.2}% 155
\BOOKMARK [3][-]{subsubsection.7.11.2.2}{\376\377\0007\000.\0001\0001\000.\0002\000.\0002\000\040\000N\000o\000d\000e\000\050\000i\000n\000t\000\040\000i\000d\000\051}{subsection.7.11.2}% 156
\BOOKMARK [3][-]{subsubsection.7.11.2.3}{\376\377\0007\000.\0001\0001\000.\0002\000.\0003\000\040\000N\000o\000d\000e\000\050\000i\000n\000t\000\040\000i\000d\000,\000\040\000c\000o\000n\000s\000t\000\040\000Q\000P\000o\000i\000n\000t\000F\000\040\000\046\000p\000o\000s\000i\000t\000i\000o\000n\000,\000\040\000q\000r\000e\000a\000l\000\040\000r\000a\000d\000i\000u\000s\000=\0000\000\051}{subsection.7.11.2}% 157
\BOOKMARK [3][-]{subsubsection.7.11.2.4}{\376\377\0007\000.\0001\0001\000.\0002\000.\0004\000\040\000N\000o\000d\000e\000\050\000\051}{subsection.7.11.2}% 158
\BOOKMARK [2][-]{subsection.7.11.3}{\376\377\0007\000.\0001\0001\000.\0003\000\040\000M\000e\000m\000b\000e\000r\000\040\000F\000u\000n\000c\000t\000i\000o\000n\000\040\000D\000o\000c\000u\000m\000e\000n\000t\000a\000t\000i\000o\000n}{section.7.11}% 159
\BOOKMARK [3][-]{subsubsection.7.11.3.1}{\376\377\0007\000.\0001\0001\000.\0003\000.\0001\000\040\000a\000d\000d\000N\000e\000i\000b\000h\000o\000u\000r\000\050\000N\000o\000d\000e\000\040\000n\000o\000d\000e\000\051}{subsection.7.11.3}% 160
\BOOKMARK [3][-]{subsubsection.7.11.3.2}{\376\377\0007\000.\0001\0001\000.\0003\000.\0002\000\040\000d\000e\000l\000N\000e\000i\000b\000h\000o\000u\000r\000\050\000N\000o\000d\000e\000\040\000n\000o\000d\000e\000\051}{subsection.7.11.3}% 161
\BOOKMARK [3][-]{subsubsection.7.11.3.3}{\376\377\0007\000.\0001\0001\000.\0003\000.\0003\000\040\000d\000e\000l\000P\000o\000s\000i\000t\000i\000o\000n\000\050\000\051}{subsection.7.11.3}% 162
\BOOKMARK [3][-]{subsubsection.7.11.3.4}{\376\377\0007\000.\0001\0001\000.\0003\000.\0004\000\040\000g\000e\000n\000e\000r\000a\000t\000e\000H\000e\000x\000A\000r\000r\000a\000y\000\050\000c\000o\000n\000s\000t\000\040\000Q\000R\000e\000c\000t\000F\000\040\000\046\000a\000r\000e\000a\000,\000\040\000q\000r\000e\000a\000l\000\040\000r\000a\000d\000i\000u\000s\000\051}{subsection.7.11.3}% 163
\BOOKMARK [3][-]{subsubsection.7.11.3.5}{\376\377\0007\000.\0001\0001\000.\0003\000.\0005\000\040\000g\000e\000n\000e\000r\000a\000t\000e\000H\000e\000x\000A\000r\000r\000a\000y\000\050\000c\000o\000n\000s\000t\000\040\000Q\000P\000o\000i\000n\000t\000F\000\040\000\046\000s\000t\000a\000r\000t\000p\000o\000s\000,\000\040\000i\000n\000t\000\040\000w\000,\000\040\000i\000n\000t\000\040\000h\000,\000\040\000q\000r\000e\000a\000l\000\040\000r\000a\000d\000i\000u\000s\000\051}{subsection.7.11.3}% 164
\BOOKMARK [3][-]{subsubsection.7.11.3.6}{\376\377\0007\000.\0001\0001\000.\0003\000.\0006\000\040\000g\000e\000t\000C\000o\000l\000o\000r\000\050\000\051}{subsection.7.11.3}% 165
\BOOKMARK [3][-]{subsubsection.7.11.3.7}{\376\377\0007\000.\0001\0001\000.\0003\000.\0007\000\040\000g\000e\000t\000I\000d\000\050\000\051}{subsection.7.11.3}% 166
\BOOKMARK [3][-]{subsubsection.7.11.3.8}{\376\377\0007\000.\0001\0001\000.\0003\000.\0008\000\040\000g\000e\000t\000N\000e\000i\000b\000h\000o\000u\000r\000C\000o\000u\000n\000t\000\050\000\051}{subsection.7.11.3}% 167
\BOOKMARK [3][-]{subsubsection.7.11.3.9}{\376\377\0007\000.\0001\0001\000.\0003\000.\0009\000\040\000g\000e\000t\000N\000e\000i\000b\000h\000o\000u\000r\000s\000\050\000\051}{subsection.7.11.3}% 168
\BOOKMARK [3][-]{subsubsection.7.11.3.10}{\376\377\0007\000.\0001\0001\000.\0003\000.\0001\0000\000\040\000g\000e\000t\000P\000o\000s\000i\000t\000i\000o\000n\000\050\000\051}{subsection.7.11.3}% 169
\BOOKMARK [3][-]{subsubsection.7.11.3.11}{\376\377\0007\000.\0001\0001\000.\0003\000.\0001\0001\000\040\000g\000e\000t\000R\000a\000d\000i\000u\000s\000\050\000\051}{subsection.7.11.3}% 170
\BOOKMARK [3][-]{subsubsection.7.11.3.12}{\376\377\0007\000.\0001\0001\000.\0003\000.\0001\0002\000\040\000h\000a\000s\000F\000u\000l\000l\000F\000l\000o\000w\000e\000r\000\050\000\051}{subsection.7.11.3}% 171
\BOOKMARK [3][-]{subsubsection.7.11.3.13}{\376\377\0007\000.\0001\0001\000.\0003\000.\0001\0003\000\040\000h\000a\000s\000P\000o\000s\000i\000t\000i\000o\000n\000\050\000\051}{subsection.7.11.3}% 172
\BOOKMARK [3][-]{subsubsection.7.11.3.14}{\376\377\0007\000.\0001\0001\000.\0003\000.\0001\0004\000\040\000i\000s\000N\000e\000i\000b\000h\000o\000u\000r\000\050\000N\000o\000d\000e\000\040\000n\000o\000d\000e\000\051}{subsection.7.11.3}% 173
\BOOKMARK [3][-]{subsubsection.7.11.3.15}{\376\377\0007\000.\0001\0001\000.\0003\000.\0001\0005\000\040\000p\000u\000r\000g\000e\000N\000e\000i\000b\000h\000o\000u\000r\000s\000\050\000\051}{subsection.7.11.3}% 174
\BOOKMARK [3][-]{subsubsection.7.11.3.16}{\376\377\0007\000.\0001\0001\000.\0003\000.\0001\0006\000\040\000s\000e\000t\000C\000o\000l\000o\000r\000\050\000c\000o\000n\000s\000t\000\040\000Q\000C\000o\000l\000o\000r\000\040\000\046\000v\000a\000l\000u\000e\000\051}{subsection.7.11.3}% 175
\BOOKMARK [3][-]{subsubsection.7.11.3.17}{\376\377\0007\000.\0001\0001\000.\0003\000.\0001\0007\000\040\000s\000e\000t\000I\000d\000\050\000i\000n\000t\000\040\000v\000a\000l\000u\000e\000\051}{subsection.7.11.3}% 176
\BOOKMARK [3][-]{subsubsection.7.11.3.18}{\376\377\0007\000.\0001\0001\000.\0003\000.\0001\0008\000\040\000s\000e\000t\000P\000o\000s\000i\000t\000i\000o\000n\000\050\000c\000o\000n\000s\000t\000\040\000Q\000P\000o\000i\000n\000t\000F\000\040\000\046\000p\000o\000s\000i\000t\000i\000o\000n\000\051}{subsection.7.11.3}% 177
\BOOKMARK [3][-]{subsubsection.7.11.3.19}{\376\377\0007\000.\0001\0001\000.\0003\000.\0001\0009\000\040\000s\000e\000t\000R\000a\000d\000i\000u\000s\000\050\000c\000o\000n\000s\000t\000\040\000q\000r\000e\000a\000l\000\040\000v\000a\000l\000u\000e\000\051}{subsection.7.11.3}% 178
\BOOKMARK [3][-]{subsubsection.7.11.3.20}{\376\377\0007\000.\0001\0001\000.\0003\000.\0002\0000\000\040\000s\000o\000r\000t\000N\000e\000i\000b\000h\000o\000u\000r\000s\000\050\000\051}{subsection.7.11.3}% 179
\BOOKMARK [2][-]{subsection.7.11.4}{\376\377\0007\000.\0001\0001\000.\0004\000\040\000M\000e\000m\000b\000e\000r\000\040\000D\000a\000t\000a\000\040\000D\000o\000c\000u\000m\000e\000n\000t\000a\000t\000i\000o\000n}{section.7.11}% 180
\BOOKMARK [3][-]{subsubsection.7.11.4.1}{\376\377\0007\000.\0001\0001\000.\0004\000.\0001\000\040\000b\000H\000a\000s\000P\000o\000s\000i\000t\000i\000o\000n}{subsection.7.11.4}% 181
\BOOKMARK [3][-]{subsubsection.7.11.4.2}{\376\377\0007\000.\0001\0001\000.\0004\000.\0002\000\040\000c\000o\000l\000o\000r}{subsection.7.11.4}% 182
\BOOKMARK [3][-]{subsubsection.7.11.4.3}{\376\377\0007\000.\0001\0001\000.\0004\000.\0003\000\040\000i\000d}{subsection.7.11.4}% 183
\BOOKMARK [3][-]{subsubsection.7.11.4.4}{\376\377\0007\000.\0001\0001\000.\0004\000.\0004\000\040\000n\000e\000i\000b\000h\000o\000u\000r\000s}{subsection.7.11.4}% 184
\BOOKMARK [3][-]{subsubsection.7.11.4.5}{\376\377\0007\000.\0001\0001\000.\0004\000.\0005\000\040\000p\000o\000s\000i\000t\000i\000o\000n}{subsection.7.11.4}% 185
\BOOKMARK [3][-]{subsubsection.7.11.4.6}{\376\377\0007\000.\0001\0001\000.\0004\000.\0006\000\040\000r\000a\000d\000i\000u\000s}{subsection.7.11.4}% 186
\BOOKMARK [3][-]{subsubsection.7.11.4.7}{\376\377\0007\000.\0001\0001\000.\0004\000.\0007\000\040\000s\000o\000r\000t\000e\000d\000N\000e\000i\000b\000h\000o\000u\000r\000s}{subsection.7.11.4}% 187
\BOOKMARK [1][-]{section.7.12}{\376\377\0007\000.\0001\0002\000\040\000P\000a\000c\000k\000i\000n\000g\000\040\000C\000l\000a\000s\000s\000\040\000R\000e\000f\000e\000r\000e\000n\000c\000e}{chapter.7}% 188
\BOOKMARK [2][-]{subsection.7.12.1}{\376\377\0007\000.\0001\0002\000.\0001\000\040\000D\000e\000t\000a\000i\000l\000e\000d\000\040\000D\000e\000s\000c\000r\000i\000p\000t\000i\000o\000n}{section.7.12}% 189
\BOOKMARK [2][-]{subsection.7.12.2}{\376\377\0007\000.\0001\0002\000.\0002\000\040\000C\000o\000n\000s\000t\000r\000u\000c\000t\000o\000r\000\040\000\046\000\040\000D\000e\000s\000t\000r\000u\000c\000t\000o\000r\000\040\000D\000o\000c\000u\000m\000e\000n\000t\000a\000t\000i\000o\000n}{section.7.12}% 190
\BOOKMARK [3][-]{subsubsection.7.12.2.1}{\376\377\0007\000.\0001\0002\000.\0002\000.\0001\000\040\000P\000a\000c\000k\000i\000n\000g\000\050\000c\000o\000n\000s\000t\000\040\000P\000a\000c\000k\000i\000n\000g\000\040\000p\000\051}{subsection.7.12.2}% 191
\BOOKMARK [3][-]{subsubsection.7.12.2.2}{\376\377\0007\000.\0001\0002\000.\0002\000.\0002\000\040\000P\000a\000c\000k\000i\000n\000g\000\050\000P\000a\000c\000k\000i\000n\000g\000T\000y\000p\000e\000\040\000t\000y\000p\000e\000=\000P\000a\000c\000k\000i\000n\000g\000T\000y\000p\000e\000:\000:\000E\000u\000c\000l\000i\000d\000e\000a\000n\000P\000a\000c\000k\000i\000n\000g\000\051}{subsection.7.12.2}% 192
\BOOKMARK [3][-]{subsubsection.7.12.2.3}{\376\377\0007\000.\0001\0002\000.\0002\000.\0003\000\040\000P\000a\000c\000k\000i\000n\000g\000\050\000Q\000L\000i\000s\000t\000<\000\040\000N\000o\000d\000e\000\040\000\040\000>\000\040\000n\000o\000d\000e\000s\000,\000\040\000P\000a\000c\000k\000i\000n\000g\000T\000y\000p\000e\000\040\000t\000y\000p\000e\000=\000P\000a\000c\000k\000i\000n\000g\000T\000y\000p\000e\000:\000:\000E\000u\000c\000l\000i\000d\000e\000a\000n\000P\000a\000c\000k\000i\000n\000g\000\051}{subsection.7.12.2}% 193
\BOOKMARK [3][-]{subsubsection.7.12.2.4}{\376\377\0007\000.\0001\0002\000.\0002\000.\0004\000\040\000P\000a\000c\000k\000i\000n\000g\000\050\000\051}{subsection.7.12.2}% 194
\BOOKMARK [2][-]{subsection.7.12.3}{\376\377\0007\000.\0001\0002\000.\0003\000\040\000M\000e\000m\000b\000e\000r\000\040\000F\000u\000n\000c\000t\000i\000o\000n\000\040\000D\000o\000c\000u\000m\000e\000n\000t\000a\000t\000i\000o\000n}{section.7.12}% 195
\BOOKMARK [3][-]{subsubsection.7.12.3.1}{\376\377\0007\000.\0001\0002\000.\0003\000.\0001\000\040\000a\000d\000d\000C\000i\000r\000c\000l\000e\000\050\000N\000o\000d\000e\000\040\000n\000\051}{subsection.7.12.3}% 196
\BOOKMARK [3][-]{subsubsection.7.12.3.2}{\376\377\0007\000.\0001\0002\000.\0003\000.\0002\000\040\000a\000d\000d\000N\000o\000d\000e\000\050\000N\000o\000d\000e\000\040\000n\000\051}{subsection.7.12.3}% 197
\BOOKMARK [3][-]{subsubsection.7.12.3.3}{\376\377\0007\000.\0001\0002\000.\0003\000.\0003\000\040\000a\000d\000d\000N\000o\000d\000e\000\137\000f\000a\000s\000t\000\050\000N\000o\000d\000e\000\040\000n\000\051}{subsection.7.12.3}% 198
\BOOKMARK [3][-]{subsubsection.7.12.3.4}{\376\377\0007\000.\0001\0002\000.\0003\000.\0004\000\040\000a\000n\000g\000l\000e\000\050\000N\000o\000d\000e\000\040\000r\000,\000\040\000N\000o\000d\000e\000\040\000r\000a\000,\000\040\000N\000o\000d\000e\000\040\000r\000b\000\051}{subsection.7.12.3}% 199
\BOOKMARK [3][-]{subsubsection.7.12.3.5}{\376\377\0007\000.\0001\0002\000.\0003\000.\0005\000\040\000a\000n\000g\000l\000e\000\137\000e\000u\000c\000l\000i\000d\000e\000a\000n\000\050\000N\000o\000d\000e\000\040\000r\000,\000\040\000N\000o\000d\000e\000\040\000r\000a\000,\000\040\000N\000o\000d\000e\000\040\000r\000b\000\051}{subsection.7.12.3}% 200
\BOOKMARK [3][-]{subsubsection.7.12.3.6}{\376\377\0007\000.\0001\0002\000.\0003\000.\0006\000\040\000a\000n\000g\000l\000e\000\137\000h\000y\000p\000e\000r\000b\000o\000l\000i\000c\000\050\000N\000o\000d\000e\000\040\000r\000,\000\040\000N\000o\000d\000e\000\040\000r\000a\000,\000\040\000N\000o\000d\000e\000\040\000r\000b\000\051}{subsection.7.12.3}% 201
\BOOKMARK [3][-]{subsubsection.7.12.3.7}{\376\377\0007\000.\0001\0002\000.\0003\000.\0007\000\040\000a\000n\000g\000l\000e\000s\000u\000m\000\050\000N\000o\000d\000e\000\040\000r\000\051}{subsection.7.12.3}% 202
\BOOKMARK [3][-]{subsubsection.7.12.3.8}{\376\377\0007\000.\0001\0002\000.\0003\000.\0008\000\040\000d\000e\000l\000N\000o\000d\000e\000\050\000N\000o\000d\000e\000\040\000n\000\051}{subsection.7.12.3}% 203
\BOOKMARK [3][-]{subsubsection.7.12.3.9}{\376\377\0007\000.\0001\0002\000.\0003\000.\0009\000\040\000d\000e\000l\000N\000o\000d\000e\000\137\000f\000a\000s\000t\000\050\000N\000o\000d\000e\000\040\000n\000\051}{subsection.7.12.3}% 204
\BOOKMARK [3][-]{subsubsection.7.12.3.10}{\376\377\0007\000.\0001\0002\000.\0003\000.\0001\0000\000\040\000d\000r\000a\000w\000F\000o\000r\000e\000g\000r\000o\000u\000n\000d\000\050\000Q\000P\000a\000i\000n\000t\000e\000r\000\040\000p\000a\000i\000n\000t\000e\000r\000,\000\040\000c\000o\000n\000s\000t\000\040\000Q\000R\000e\000c\000t\000F\000\040\000\046\000r\000e\000c\000t\000\051\000\040\000Q\000\137\000D\000E\000C\000L\000\137\000O\000V\000E\000R\000R\000I\000D\000E}{subsection.7.12.3}% 205
\BOOKMARK [3][-]{subsubsection.7.12.3.11}{\376\377\0007\000.\0001\0002\000.\0003\000.\0001\0001\000\040\000g\000e\000t\000D\000r\000a\000w\000C\000e\000n\000t\000e\000r\000s\000\050\000\051}{subsection.7.12.3}% 206
\BOOKMARK [3][-]{subsubsection.7.12.3.12}{\376\377\0007\000.\0001\0002\000.\0003\000.\0001\0002\000\040\000g\000e\000t\000D\000r\000a\000w\000C\000i\000r\000c\000l\000e\000s\000\050\000\051}{subsection.7.12.3}% 207
\BOOKMARK [3][-]{subsubsection.7.12.3.13}{\376\377\0007\000.\0001\0002\000.\0003\000.\0001\0003\000\040\000g\000e\000t\000D\000r\000a\000w\000I\000n\000d\000i\000c\000i\000e\000s\000\050\000\051}{subsection.7.12.3}% 208
\BOOKMARK [3][-]{subsubsection.7.12.3.14}{\376\377\0007\000.\0001\0002\000.\0003\000.\0001\0004\000\040\000g\000e\000t\000D\000r\000a\000w\000L\000i\000n\000k\000s\000\050\000\051}{subsection.7.12.3}% 209
\BOOKMARK [3][-]{subsubsection.7.12.3.15}{\376\377\0007\000.\0001\0002\000.\0003\000.\0001\0005\000\040\000g\000e\000t\000N\000o\000d\000e\000s\000\050\000\051}{subsection.7.12.3}% 210
\BOOKMARK [3][-]{subsubsection.7.12.3.16}{\376\377\0007\000.\0001\0002\000.\0003\000.\0001\0006\000\040\000g\000e\000t\000T\000y\000p\000e\000\050\000\051}{subsection.7.12.3}% 211
\BOOKMARK [3][-]{subsubsection.7.12.3.17}{\376\377\0007\000.\0001\0002\000.\0003\000.\0001\0007\000\040\000i\000s\000E\000x\000t\000e\000r\000i\000o\000r\000\050\000N\000o\000d\000e\000\040\000n\000\051}{subsection.7.12.3}% 212
\BOOKMARK [3][-]{subsubsection.7.12.3.18}{\376\377\0007\000.\0001\0002\000.\0003\000.\0001\0008\000\040\000i\000s\000I\000n\000t\000e\000r\000i\000o\000r\000\050\000N\000o\000d\000e\000\040\000n\000\051}{subsection.7.12.3}% 213
\BOOKMARK [3][-]{subsubsection.7.12.3.19}{\376\377\0007\000.\0001\0002\000.\0003\000.\0001\0009\000\040\000l\000a\000y\000o\000u\000t}{subsection.7.12.3}% 214
\BOOKMARK [3][-]{subsubsection.7.12.3.20}{\376\377\0007\000.\0001\0002\000.\0003\000.\0002\0000\000\040\000l\000a\000y\000o\000u\000t\000\137\000e\000u\000c\000l\000i\000d\000e\000a\000n\000\050\000i\000n\000t\000\040\000c\000e\000n\000t\000e\000r\000C\000i\000r\000c\000l\000e\000\051}{subsection.7.12.3}% 215
\BOOKMARK [3][-]{subsubsection.7.12.3.21}{\376\377\0007\000.\0001\0002\000.\0003\000.\0002\0001\000\040\000l\000a\000y\000o\000u\000t\000\137\000h\000y\000p\000e\000r\000b\000o\000l\000i\000c\000\050\000i\000n\000t\000\040\000c\000e\000n\000t\000e\000r\000C\000i\000r\000c\000l\000e\000\051}{subsection.7.12.3}% 216
\BOOKMARK [3][-]{subsubsection.7.12.3.22}{\376\377\0007\000.\0001\0002\000.\0003\000.\0002\0002\000\040\000m\000o\000u\000s\000e\000P\000r\000e\000s\000s\000E\000v\000e\000n\000t\000\050\000Q\000G\000r\000a\000p\000h\000i\000c\000s\000S\000c\000e\000n\000e\000M\000o\000u\000s\000e\000E\000v\000e\000n\000t\000\040\000m\000o\000u\000s\000e\000E\000v\000e\000n\000t\000\051\000\040\000Q\000\137\000D\000E\000C\000L\000\137\000O\000V\000E\000R\000R\000I\000D\000E}{subsection.7.12.3}% 217
\BOOKMARK [3][-]{subsubsection.7.12.3.23}{\376\377\0007\000.\0001\0002\000.\0003\000.\0002\0003\000\040\000n\000e\000w\000N\000o\000d\000e\000S\000e\000l\000e\000c\000t\000e\000d}{subsection.7.12.3}% 218
\BOOKMARK [3][-]{subsubsection.7.12.3.24}{\376\377\0007\000.\0001\0002\000.\0003\000.\0002\0004\000\040\000p\000u\000r\000g\000e\000C\000i\000r\000c\000l\000e\000s\000\050\000\051}{subsection.7.12.3}% 219
\BOOKMARK [3][-]{subsubsection.7.12.3.25}{\376\377\0007\000.\0001\0002\000.\0003\000.\0002\0005\000\040\000r\000e\000c\000o\000m\000p\000u\000t\000e\000C\000o\000n\000n\000e\000c\000t\000o\000r\000s\000\050\000\051}{subsection.7.12.3}% 220
\BOOKMARK [3][-]{subsubsection.7.12.3.26}{\376\377\0007\000.\0001\0002\000.\0003\000.\0002\0006\000\040\000r\000e\000f\000r\000e\000s\000h\000C\000i\000r\000c\000l\000e\000s\000\050\000\051}{subsection.7.12.3}% 221
\BOOKMARK [3][-]{subsubsection.7.12.3.27}{\376\377\0007\000.\0001\0002\000.\0003\000.\0002\0007\000\040\000r\000e\000p\000a\000c\000k}{subsection.7.12.3}% 222
\BOOKMARK [3][-]{subsubsection.7.12.3.28}{\376\377\0007\000.\0001\0002\000.\0003\000.\0002\0008\000\040\000r\000e\000s\000e\000t\000I\000d\000s\000\050\000\051}{subsection.7.12.3}% 223
\BOOKMARK [3][-]{subsubsection.7.12.3.29}{\376\377\0007\000.\0001\0002\000.\0003\000.\0002\0009\000\040\000s\000e\000t\000D\000r\000a\000w\000B\000o\000u\000n\000d\000a\000r\000y}{subsection.7.12.3}% 224
\BOOKMARK [3][-]{subsubsection.7.12.3.30}{\376\377\0007\000.\0001\0002\000.\0003\000.\0003\0000\000\040\000s\000e\000t\000D\000r\000a\000w\000C\000e\000n\000t\000e\000r\000s}{subsection.7.12.3}% 225
\BOOKMARK [3][-]{subsubsection.7.12.3.31}{\376\377\0007\000.\0001\0002\000.\0003\000.\0003\0001\000\040\000s\000e\000t\000D\000r\000a\000w\000C\000i\000r\000c\000l\000e\000s}{subsection.7.12.3}% 226
\BOOKMARK [3][-]{subsubsection.7.12.3.32}{\376\377\0007\000.\0001\0002\000.\0003\000.\0003\0002\000\040\000s\000e\000t\000D\000r\000a\000w\000I\000n\000d\000i\000c\000i\000e\000s}{subsection.7.12.3}% 227
\BOOKMARK [3][-]{subsubsection.7.12.3.33}{\376\377\0007\000.\0001\0002\000.\0003\000.\0003\0003\000\040\000s\000e\000t\000D\000r\000a\000w\000L\000i\000n\000k\000s}{subsection.7.12.3}% 228
\BOOKMARK [3][-]{subsubsection.7.12.3.34}{\376\377\0007\000.\0001\0002\000.\0003\000.\0003\0004\000\040\000s\000e\000t\000P\000a\000c\000k\000i\000n\000g\000T\000y\000p\000e\000\050\000P\000a\000c\000k\000i\000n\000g\000T\000y\000p\000e\000\040\000t\000y\000p\000e\000\051}{subsection.7.12.3}% 229
\BOOKMARK [2][-]{subsection.7.12.4}{\376\377\0007\000.\0001\0002\000.\0004\000\040\000M\000e\000m\000b\000e\000r\000\040\000D\000a\000t\000a\000\040\000D\000o\000c\000u\000m\000e\000n\000t\000a\000t\000i\000o\000n}{section.7.12}% 230
\BOOKMARK [3][-]{subsubsection.7.12.4.1}{\376\377\0007\000.\0001\0002\000.\0004\000.\0001\000\040\000b\000o\000u\000n\000d\000a\000r\000y\000N\000o\000d\000e\000s}{subsection.7.12.4}% 231
\BOOKMARK [3][-]{subsubsection.7.12.4.2}{\376\377\0007\000.\0001\0002\000.\0004\000.\0002\000\040\000c\000e\000n\000t\000e\000r\000C\000i\000r\000c\000l\000e\000I\000D}{subsection.7.12.4}% 232
\BOOKMARK [3][-]{subsubsection.7.12.4.3}{\376\377\0007\000.\0001\0002\000.\0004\000.\0003\000\040\000c\000i\000r\000c\000l\000e\000s}{subsection.7.12.4}% 233
\BOOKMARK [3][-]{subsubsection.7.12.4.4}{\376\377\0007\000.\0001\0002\000.\0004\000.\0004\000\040\000c\000o\000n\000n\000e\000c\000t\000o\000r\000s}{subsection.7.12.4}% 234
\BOOKMARK [3][-]{subsubsection.7.12.4.5}{\376\377\0007\000.\0001\0002\000.\0004\000.\0005\000\040\000d\000r\000a\000w\000C\000e\000n\000t\000e\000r\000s}{subsection.7.12.4}% 235
\BOOKMARK [3][-]{subsubsection.7.12.4.6}{\376\377\0007\000.\0001\0002\000.\0004\000.\0006\000\040\000d\000r\000a\000w\000C\000i\000r\000c\000l\000e\000s}{subsection.7.12.4}% 236
\BOOKMARK [3][-]{subsubsection.7.12.4.7}{\376\377\0007\000.\0001\0002\000.\0004\000.\0007\000\040\000d\000r\000a\000w\000I\000n\000d\000i\000c\000i\000e\000s}{subsection.7.12.4}% 237
\BOOKMARK [3][-]{subsubsection.7.12.4.8}{\376\377\0007\000.\0001\0002\000.\0004\000.\0008\000\040\000d\000r\000a\000w\000L\000i\000n\000k\000s}{subsection.7.12.4}% 238
\BOOKMARK [3][-]{subsubsection.7.12.4.9}{\376\377\0007\000.\0001\0002\000.\0004\000.\0009\000\040\000n\000o\000d\000e\000s}{subsection.7.12.4}% 239
\BOOKMARK [3][-]{subsubsection.7.12.4.10}{\376\377\0007\000.\0001\0002\000.\0004\000.\0001\0000\000\040\000s\000e\000l\000e\000c\000t\000e\000d\000C\000i\000r\000c\000l\000e}{subsection.7.12.4}% 240
\BOOKMARK [3][-]{subsubsection.7.12.4.11}{\376\377\0007\000.\0001\0002\000.\0004\000.\0001\0001\000\040\000t\000y\000p\000e}{subsection.7.12.4}% 241
\BOOKMARK [1][-]{section.7.13}{\376\377\0007\000.\0001\0003\000\040\000C\000i\000r\000c\000l\000e\000s\000:\000:\000P\000a\000c\000k\000i\000n\000g\000:\000:\000P\000a\000c\000k\000i\000n\000g\000\040\000C\000l\000a\000s\000s\000\040\000R\000e\000f\000e\000r\000e\000n\000c\000e}{chapter.7}% 242
\BOOKMARK [2][-]{subsection.7.13.1}{\376\377\0007\000.\0001\0003\000.\0001\000\040\000D\000e\000t\000a\000i\000l\000e\000d\000\040\000D\000e\000s\000c\000r\000i\000p\000t\000i\000o\000n}{section.7.13}% 243
\BOOKMARK [2][-]{subsection.7.13.2}{\376\377\0007\000.\0001\0003\000.\0002\000\040\000M\000e\000m\000b\000e\000r\000\040\000F\000u\000n\000c\000t\000i\000o\000n\000\040\000D\000o\000c\000u\000m\000e\000n\000t\000a\000t\000i\000o\000n}{section.7.13}% 244
\BOOKMARK [3][-]{subsubsection.7.13.2.1}{\376\377\0007\000.\0001\0003\000.\0002\000.\0001\000\040\000a\000n\000g\000l\000e\000\050\000c\000o\000n\000s\000t\000\040\000Q\000P\000o\000i\000n\000t\000F\000\040\000\046\000p\000,\000\040\000c\000o\000n\000s\000t\000\040\000Q\000P\000o\000i\000n\000t\000F\000\040\000\046\000p\0001\000,\000\040\000c\000o\000n\000s\000t\000\040\000Q\000P\000o\000i\000n\000t\000F\000\040\000\046\000p\0002\000\051\000\040\000c\000o\000n\000s\000t\000\040\000=\0000}{subsection.7.13.2}% 245
\BOOKMARK [3][-]{subsubsection.7.13.2.2}{\376\377\0007\000.\0001\0003\000.\0002\000.\0002\000\040\000a\000n\000g\000l\000e\000s\000u\000m\000\050\000c\000o\000n\000s\000t\000\040\000C\000i\000r\000c\000l\000e\000\040\000\046\000c\000\051\000\040\000c\000o\000n\000s\000t\000\040}{subsection.7.13.2}% 246
\BOOKMARK [3][-]{subsubsection.7.13.2.3}{\376\377\0007\000.\0001\0003\000.\0002\000.\0003\000\040\000c\000i\000r\000c\000l\000e\000\050\000i\000n\000t\000\040\000i\000n\000d\000e\000x\000\051\000\040\000c\000o\000n\000s\000t\000\040}{subsection.7.13.2}% 247
\BOOKMARK [3][-]{subsubsection.7.13.2.4}{\376\377\0007\000.\0001\0003\000.\0002\000.\0004\000\040\000c\000i\000r\000c\000l\000e\000s\000\050\000\051\000\040\000c\000o\000n\000s\000t\000\040}{subsection.7.13.2}% 248
\BOOKMARK [3][-]{subsubsection.7.13.2.5}{\376\377\0007\000.\0001\0003\000.\0002\000.\0005\000\040\000g\000r\000a\000p\000h\000\050\000\051\000\040\000c\000o\000n\000s\000t\000\040}{subsection.7.13.2}% 249
\BOOKMARK [3][-]{subsubsection.7.13.2.6}{\376\377\0007\000.\0001\0003\000.\0002\000.\0006\000\040\000l\000a\000y\000o\000u\000t\000\050\000i\000n\000t\000\040\000c\000e\000n\000t\000e\000r\000N\000o\000d\000e\000\051\000=\0000}{subsection.7.13.2}% 250
\BOOKMARK [3][-]{subsubsection.7.13.2.7}{\376\377\0007\000.\0001\0003\000.\0002\000.\0007\000\040\000r\000e\000p\000a\000c\000k\000\050\000q\000r\000e\000a\000l\000\040\000e\000p\000s\000i\000l\000o\000n\000,\000\040\000q\000r\000e\000a\000l\000\040\000o\000u\000t\000e\000r\000R\000a\000d\000i\000u\000s\000\051\000=\0000}{subsection.7.13.2}% 251
\BOOKMARK [2][-]{subsection.7.13.3}{\376\377\0007\000.\0001\0003\000.\0003\000\040\000M\000e\000m\000b\000e\000r\000\040\000D\000a\000t\000a\000\040\000D\000o\000c\000u\000m\000e\000n\000t\000a\000t\000i\000o\000n}{section.7.13}% 252
\BOOKMARK [3][-]{subsubsection.7.13.3.1}{\376\377\0007\000.\0001\0003\000.\0003\000.\0001\000\040\000\137\000c\000i\000r\000c\000l\000e\000s}{subsection.7.13.3}% 253
\BOOKMARK [3][-]{subsubsection.7.13.3.2}{\376\377\0007\000.\0001\0003\000.\0003\000.\0002\000\040\000\137\000g\000r\000a\000p\000h}{subsection.7.13.3}% 254
\BOOKMARK [1][-]{section.7.14}{\376\377\0007\000.\0001\0004\000\040\000P\000a\000c\000k\000i\000n\000g\000V\000i\000e\000w\000\040\000C\000l\000a\000s\000s\000\040\000R\000e\000f\000e\000r\000e\000n\000c\000e}{chapter.7}% 255
\BOOKMARK [2][-]{subsection.7.14.1}{\376\377\0007\000.\0001\0004\000.\0001\000\040\000C\000o\000n\000s\000t\000r\000u\000c\000t\000o\000r\000\040\000\046\000\040\000D\000e\000s\000t\000r\000u\000c\000t\000o\000r\000\040\000D\000o\000c\000u\000m\000e\000n\000t\000a\000t\000i\000o\000n}{section.7.14}% 256
\BOOKMARK [3][-]{subsubsection.7.14.1.1}{\376\377\0007\000.\0001\0004\000.\0001\000.\0001\000\040\000P\000a\000c\000k\000i\000n\000g\000V\000i\000e\000w\000\050\000Q\000W\000i\000d\000g\000e\000t\000\040\000p\000a\000r\000e\000n\000t\000=\0000\000\051}{subsection.7.14.1}% 257
\BOOKMARK [3][-]{subsubsection.7.14.1.2}{\376\377\0007\000.\0001\0004\000.\0001\000.\0002\000\040\000P\000a\000c\000k\000i\000n\000g\000V\000i\000e\000w\000\050\000P\000a\000c\000k\000i\000n\000g\000\040\000p\000,\000\040\000Q\000W\000i\000d\000g\000e\000t\000\040\000p\000a\000r\000e\000n\000t\000=\0000\000\051}{subsection.7.14.1}% 258
\BOOKMARK [3][-]{subsubsection.7.14.1.3}{\376\377\0007\000.\0001\0004\000.\0001\000.\0003\000\040\000P\000a\000c\000k\000i\000n\000g\000V\000i\000e\000w\000\050\000\051}{subsection.7.14.1}% 259
\BOOKMARK [2][-]{subsection.7.14.2}{\376\377\0007\000.\0001\0004\000.\0002\000\040\000M\000e\000m\000b\000e\000r\000\040\000F\000u\000n\000c\000t\000i\000o\000n\000\040\000D\000o\000c\000u\000m\000e\000n\000t\000a\000t\000i\000o\000n}{section.7.14}% 260
\BOOKMARK [3][-]{subsubsection.7.14.2.1}{\376\377\0007\000.\0001\0004\000.\0002\000.\0001\000\040\000s\000e\000t\000P\000a\000c\000k\000i\000n\000g}{subsection.7.14.2}% 261
\BOOKMARK [1][-]{section.7.15}{\376\377\0007\000.\0001\0005\000\040\000P\000F\000i\000l\000e\000\040\000C\000l\000a\000s\000s\000\040\000R\000e\000f\000e\000r\000e\000n\000c\000e}{chapter.7}% 262
\BOOKMARK [2][-]{subsection.7.15.1}{\376\377\0007\000.\0001\0005\000.\0001\000\040\000C\000o\000n\000s\000t\000r\000u\000c\000t\000o\000r\000\040\000\046\000\040\000D\000e\000s\000t\000r\000u\000c\000t\000o\000r\000\040\000D\000o\000c\000u\000m\000e\000n\000t\000a\000t\000i\000o\000n}{section.7.15}% 263
\BOOKMARK [3][-]{subsubsection.7.15.1.1}{\376\377\0007\000.\0001\0005\000.\0001\000.\0001\000\040\000P\000F\000i\000l\000e\000\050\000Q\000S\000t\000r\000i\000n\000g\000\040\000f\000i\000l\000e\000n\000a\000m\000e\000\051}{subsection.7.15.1}% 264
\BOOKMARK [2][-]{subsection.7.15.2}{\376\377\0007\000.\0001\0005\000.\0002\000\040\000M\000e\000m\000b\000e\000r\000\040\000F\000u\000n\000c\000t\000i\000o\000n\000\040\000D\000o\000c\000u\000m\000e\000n\000t\000a\000t\000i\000o\000n}{section.7.15}% 265
\BOOKMARK [3][-]{subsubsection.7.15.2.1}{\376\377\0007\000.\0001\0005\000.\0002\000.\0001\000\040\000g\000e\000n\000e\000r\000a\000t\000e\000P\000a\000c\000k\000i\000n\000g\000\050\000\051}{subsection.7.15.2}% 266
\BOOKMARK [1][-]{section.7.16}{\376\377\0007\000.\0001\0006\000\040\000P\000r\000o\000p\000e\000r\000t\000y\000W\000i\000n\000d\000o\000w\000\040\000C\000l\000a\000s\000s\000\040\000R\000e\000f\000e\000r\000e\000n\000c\000e}{chapter.7}% 267
\BOOKMARK [2][-]{subsection.7.16.1}{\376\377\0007\000.\0001\0006\000.\0001\000\040\000C\000o\000n\000s\000t\000r\000u\000c\000t\000o\000r\000\040\000\046\000\040\000D\000e\000s\000t\000r\000u\000c\000t\000o\000r\000\040\000D\000o\000c\000u\000m\000e\000n\000t\000a\000t\000i\000o\000n}{section.7.16}% 268
\BOOKMARK [3][-]{subsubsection.7.16.1.1}{\376\377\0007\000.\0001\0006\000.\0001\000.\0001\000\040\000P\000r\000o\000p\000e\000r\000t\000y\000W\000i\000n\000d\000o\000w\000\050\000Q\000W\000i\000d\000g\000e\000t\000\040\000p\000a\000r\000e\000n\000t\000=\0000\000\051}{subsection.7.16.1}% 269
\BOOKMARK [3][-]{subsubsection.7.16.1.2}{\376\377\0007\000.\0001\0006\000.\0001\000.\0002\000\040\000P\000r\000o\000p\000e\000r\000t\000y\000W\000i\000n\000d\000o\000w\000\050\000\051}{subsection.7.16.1}% 270
\BOOKMARK [2][-]{subsection.7.16.2}{\376\377\0007\000.\0001\0006\000.\0002\000\040\000M\000e\000m\000b\000e\000r\000\040\000F\000u\000n\000c\000t\000i\000o\000n\000\040\000D\000o\000c\000u\000m\000e\000n\000t\000a\000t\000i\000o\000n}{section.7.16}% 271
\BOOKMARK [3][-]{subsubsection.7.16.2.1}{\376\377\0007\000.\0001\0006\000.\0002\000.\0001\000\040\000r\000e\000f\000r\000e\000s\000h}{subsection.7.16.2}% 272
\BOOKMARK [3][-]{subsubsection.7.16.2.2}{\376\377\0007\000.\0001\0006\000.\0002\000.\0002\000\040\000s\000e\000t\000N\000o\000d\000e}{subsection.7.16.2}% 273
\BOOKMARK [1][-]{section.7.17}{\376\377\0007\000.\0001\0007\000\040\000S\000e\000l\000e\000c\000t\000i\000o\000n\000P\000a\000c\000k\000i\000n\000g\000\040\000C\000l\000a\000s\000s\000\040\000R\000e\000f\000e\000r\000e\000n\000c\000e}{chapter.7}% 274
\BOOKMARK [2][-]{subsection.7.17.1}{\376\377\0007\000.\0001\0007\000.\0001\000\040\000M\000e\000m\000b\000e\000r\000\040\000E\000n\000u\000m\000e\000r\000a\000t\000i\000o\000n\000\040\000D\000o\000c\000u\000m\000e\000n\000t\000a\000t\000i\000o\000n}{section.7.17}% 275
\BOOKMARK [3][-]{subsubsection.7.17.1.1}{\376\377\0007\000.\0001\0007\000.\0001\000.\0001\000\040\000M\000o\000u\000s\000e\000M\000o\000d\000e}{subsection.7.17.1}% 276
\BOOKMARK [2][-]{subsection.7.17.2}{\376\377\0007\000.\0001\0007\000.\0002\000\040\000C\000o\000n\000s\000t\000r\000u\000c\000t\000o\000r\000\040\000\046\000\040\000D\000e\000s\000t\000r\000u\000c\000t\000o\000r\000\040\000D\000o\000c\000u\000m\000e\000n\000t\000a\000t\000i\000o\000n}{section.7.17}% 277
\BOOKMARK [3][-]{subsubsection.7.17.2.1}{\376\377\0007\000.\0001\0007\000.\0002\000.\0001\000\040\000S\000e\000l\000e\000c\000t\000i\000o\000n\000P\000a\000c\000k\000i\000n\000g\000\050\000P\000a\000c\000k\000i\000n\000g\000T\000y\000p\000e\000\040\000t\000y\000p\000e\000=\000P\000a\000c\000k\000i\000n\000g\000T\000y\000p\000e\000:\000:\000E\000u\000c\000l\000i\000d\000e\000a\000n\000P\000a\000c\000k\000i\000n\000g\000\051}{subsection.7.17.2}% 278
\BOOKMARK [3][-]{subsubsection.7.17.2.2}{\376\377\0007\000.\0001\0007\000.\0002\000.\0002\000\040\000S\000e\000l\000e\000c\000t\000i\000o\000n\000P\000a\000c\000k\000i\000n\000g\000\050\000Q\000L\000i\000s\000t\000<\000\040\000N\000o\000d\000e\000\040\000\040\000>\000\040\000n\000o\000d\000e\000s\000,\000\040\000P\000a\000c\000k\000i\000n\000g\000T\000y\000p\000e\000\040\000t\000y\000p\000e\000=\000P\000a\000c\000k\000i\000n\000g\000T\000y\000p\000e\000:\000:\000H\000y\000p\000e\000r\000b\000o\000l\000i\000c\000P\000a\000c\000k\000i\000n\000g\000\051}{subsection.7.17.2}% 279
\BOOKMARK [2][-]{subsection.7.17.3}{\376\377\0007\000.\0001\0007\000.\0003\000\040\000M\000e\000m\000b\000e\000r\000\040\000F\000u\000n\000c\000t\000i\000o\000n\000\040\000D\000o\000c\000u\000m\000e\000n\000t\000a\000t\000i\000o\000n}{section.7.17}% 280
\BOOKMARK [3][-]{subsubsection.7.17.3.1}{\376\377\0007\000.\0001\0007\000.\0003\000.\0001\000\040\000a\000d\000d\000T\000o\000S\000e\000l\000e\000c\000t\000i\000o\000n\000\050\000C\000i\000r\000c\000l\000e\000\040\000c\000\051}{subsection.7.17.3}% 281
\BOOKMARK [3][-]{subsubsection.7.17.3.2}{\376\377\0007\000.\0001\0007\000.\0003\000.\0002\000\040\000c\000l\000e\000a\000r\000S\000e\000l\000e\000c\000t\000i\000o\000n\000\050\000\051}{subsection.7.17.3}% 282
\BOOKMARK [3][-]{subsubsection.7.17.3.3}{\376\377\0007\000.\0001\0007\000.\0003\000.\0003\000\040\000i\000s\000I\000n\000S\000e\000l\000e\000c\000t\000i\000o\000n\000\050\000C\000i\000r\000c\000l\000e\000\040\000c\000\051}{subsection.7.17.3}% 283
\BOOKMARK [3][-]{subsubsection.7.17.3.4}{\376\377\0007\000.\0001\0007\000.\0003\000.\0004\000\040\000m\000o\000u\000s\000e\000M\000o\000v\000e\000E\000v\000e\000n\000t\000\050\000Q\000G\000r\000a\000p\000h\000i\000c\000s\000S\000c\000e\000n\000e\000M\000o\000u\000s\000e\000E\000v\000e\000n\000t\000\040\000e\000v\000e\000n\000t\000\051\000\040\000Q\000\137\000D\000E\000C\000L\000\137\000O\000V\000E\000R\000R\000I\000D\000E}{subsection.7.17.3}% 284
\BOOKMARK [3][-]{subsubsection.7.17.3.5}{\376\377\0007\000.\0001\0007\000.\0003\000.\0005\000\040\000m\000o\000u\000s\000e\000P\000r\000e\000s\000s\000E\000v\000e\000n\000t\000\050\000Q\000G\000r\000a\000p\000h\000i\000c\000s\000S\000c\000e\000n\000e\000M\000o\000u\000s\000e\000E\000v\000e\000n\000t\000\040\000m\000o\000u\000s\000e\000E\000v\000e\000n\000t\000\051\000\040\000Q\000\137\000D\000E\000C\000L\000\137\000O\000V\000E\000R\000R\000I\000D\000E}{subsection.7.17.3}% 285
\BOOKMARK [3][-]{subsubsection.7.17.3.6}{\376\377\0007\000.\0001\0007\000.\0003\000.\0006\000\040\000m\000o\000u\000s\000e\000R\000e\000l\000e\000a\000s\000e\000E\000v\000e\000n\000t\000\050\000Q\000G\000r\000a\000p\000h\000i\000c\000s\000S\000c\000e\000n\000e\000M\000o\000u\000s\000e\000E\000v\000e\000n\000t\000\040\000e\000v\000e\000n\000t\000\051\000\040\000Q\000\137\000D\000E\000C\000L\000\137\000O\000V\000E\000R\000R\000I\000D\000E}{subsection.7.17.3}% 286
\BOOKMARK [3][-]{subsubsection.7.17.3.7}{\376\377\0007\000.\0001\0007\000.\0003\000.\0007\000\040\000r\000e\000m\000o\000v\000e\000F\000r\000o\000m\000S\000e\000l\000e\000c\000t\000i\000o\000n\000\050\000C\000i\000r\000c\000l\000e\000\040\000c\000\051}{subsection.7.17.3}% 287
\BOOKMARK [1][-]{section.7.18}{\376\377\0007\000.\0001\0008\000\040\000S\000e\000l\000e\000c\000t\000i\000o\000n\000V\000e\000r\000t\000e\000x\000\040\000C\000l\000a\000s\000s\000\040\000R\000e\000f\000e\000r\000e\000n\000c\000e}{chapter.7}% 288
\BOOKMARK [2][-]{subsection.7.18.1}{\376\377\0007\000.\0001\0008\000.\0001\000\040\000D\000e\000t\000a\000i\000l\000e\000d\000\040\000D\000e\000s\000c\000r\000i\000p\000t\000i\000o\000n}{section.7.18}% 289
\BOOKMARK [2][-]{subsection.7.18.2}{\376\377\0007\000.\0001\0008\000.\0002\000\040\000C\000o\000n\000s\000t\000r\000u\000c\000t\000o\000r\000\040\000\046\000\040\000D\000e\000s\000t\000r\000u\000c\000t\000o\000r\000\040\000D\000o\000c\000u\000m\000e\000n\000t\000a\000t\000i\000o\000n}{section.7.18}% 290
\BOOKMARK [3][-]{subsubsection.7.18.2.1}{\376\377\0007\000.\0001\0008\000.\0002\000.\0001\000\040\000S\000e\000l\000e\000c\000t\000i\000o\000n\000V\000e\000r\000t\000e\000x\000\050\000Q\000P\000o\000i\000n\000t\000F\000\040\000p\000o\000s\000i\000t\000i\000o\000n\000,\000\040\000Q\000C\000o\000l\000o\000r\000\040\000c\000o\000l\000o\000r\000=\000Q\000C\000o\000l\000o\000r\000\050\0002\0005\0005\000,\000\040\0000\000,\000\040\0000\000\051\000\051}{subsection.7.18.2}% 291
\BOOKMARK [2][-]{subsection.7.18.3}{\376\377\0007\000.\0001\0008\000.\0003\000\040\000M\000e\000m\000b\000e\000r\000\040\000F\000u\000n\000c\000t\000i\000o\000n\000\040\000D\000o\000c\000u\000m\000e\000n\000t\000a\000t\000i\000o\000n}{section.7.18}% 292
\BOOKMARK [3][-]{subsubsection.7.18.3.1}{\376\377\0007\000.\0001\0008\000.\0003\000.\0001\000\040\000b\000o\000u\000n\000d\000i\000n\000g\000R\000e\000c\000t\000\050\000\051\000\040\000c\000o\000n\000s\000t\000\040\000Q\000\137\000D\000E\000C\000L\000\137\000O\000V\000E\000R\000R\000I\000D\000E}{subsection.7.18.3}% 293
\BOOKMARK [3][-]{subsubsection.7.18.3.2}{\376\377\0007\000.\0001\0008\000.\0003\000.\0002\000\040\000p\000a\000i\000n\000t\000\050\000Q\000P\000a\000i\000n\000t\000e\000r\000\040\000p\000a\000i\000n\000t\000e\000r\000,\000\040\000c\000o\000n\000s\000t\000\040\000Q\000S\000t\000y\000l\000e\000O\000p\000t\000i\000o\000n\000G\000r\000a\000p\000h\000i\000c\000s\000I\000t\000e\000m\000\040\000o\000p\000t\000i\000o\000n\000,\000\040\000Q\000W\000i\000d\000g\000e\000t\000\040\000w\000i\000d\000g\000e\000t\000\051\000\040\000Q\000\137\000D\000E\000C\000L\000\137\000O\000V\000E\000R\000R\000I\000D\000E}{subsection.7.18.3}% 294
\BOOKMARK [2][-]{subsection.7.18.4}{\376\377\0007\000.\0001\0008\000.\0004\000\040\000M\000e\000m\000b\000e\000r\000\040\000D\000a\000t\000a\000\040\000D\000o\000c\000u\000m\000e\000n\000t\000a\000t\000i\000o\000n}{section.7.18}% 295
\BOOKMARK [3][-]{subsubsection.7.18.4.1}{\376\377\0007\000.\0001\0008\000.\0004\000.\0001\000\040\000s\000i\000z\000e}{subsection.7.18.4}% 296
\BOOKMARK [3][-]{subsubsection.7.18.4.2}{\376\377\0007\000.\0001\0008\000.\0004\000.\0002\000\040\000t\000h\000i\000c\000k\000n\000e\000s\000s}{subsection.7.18.4}% 297
\BOOKMARK [1][-]{section.7.19}{\376\377\0007\000.\0001\0009\000\040\000S\000h\000a\000p\000e\000S\000e\000l\000e\000c\000t\000o\000r\000\040\000C\000l\000a\000s\000s\000\040\000R\000e\000f\000e\000r\000e\000n\000c\000e}{chapter.7}% 298
\BOOKMARK [2][-]{subsection.7.19.1}{\376\377\0007\000.\0001\0009\000.\0001\000\040\000C\000o\000n\000s\000t\000r\000u\000c\000t\000o\000r\000\040\000\046\000\040\000D\000e\000s\000t\000r\000u\000c\000t\000o\000r\000\040\000D\000o\000c\000u\000m\000e\000n\000t\000a\000t\000i\000o\000n}{section.7.19}% 299
\BOOKMARK [3][-]{subsubsection.7.19.1.1}{\376\377\0007\000.\0001\0009\000.\0001\000.\0001\000\040\000S\000h\000a\000p\000e\000S\000e\000l\000e\000c\000t\000o\000r\000\050\000Q\000W\000i\000d\000g\000e\000t\000\040\000p\000a\000r\000e\000n\000t\000=\0000\000\051}{subsection.7.19.1}% 300
\BOOKMARK [3][-]{subsubsection.7.19.1.2}{\376\377\0007\000.\0001\0009\000.\0001\000.\0002\000\040\000S\000h\000a\000p\000e\000S\000e\000l\000e\000c\000t\000o\000r\000\050\000\051}{subsection.7.19.1}% 301
\BOOKMARK [2][-]{subsection.7.19.2}{\376\377\0007\000.\0001\0009\000.\0002\000\040\000M\000e\000m\000b\000e\000r\000\040\000F\000u\000n\000c\000t\000i\000o\000n\000\040\000D\000o\000c\000u\000m\000e\000n\000t\000a\000t\000i\000o\000n}{section.7.19}% 302
\BOOKMARK [3][-]{subsubsection.7.19.2.1}{\376\377\0007\000.\0001\0009\000.\0002\000.\0001\000\040\000p\000a\000c\000k\000i\000n\000g\000A\000c\000c\000e\000p\000t\000e\000d}{subsection.7.19.2}% 303
\BOOKMARK [1][-]{section.7.20}{\376\377\0007\000.\0002\0000\000\040\000S\000h\000a\000p\000e\000S\000e\000l\000e\000c\000t\000o\000r\000G\000r\000a\000p\000h\000i\000c\000s\000V\000i\000e\000w\000\040\000C\000l\000a\000s\000s\000\040\000R\000e\000f\000e\000r\000e\000n\000c\000e}{chapter.7}% 304
\BOOKMARK [2][-]{subsection.7.20.1}{\376\377\0007\000.\0002\0000\000.\0001\000\040\000C\000o\000n\000s\000t\000r\000u\000c\000t\000o\000r\000\040\000\046\000\040\000D\000e\000s\000t\000r\000u\000c\000t\000o\000r\000\040\000D\000o\000c\000u\000m\000e\000n\000t\000a\000t\000i\000o\000n}{section.7.20}% 305
\BOOKMARK [3][-]{subsubsection.7.20.1.1}{\376\377\0007\000.\0002\0000\000.\0001\000.\0001\000\040\000S\000h\000a\000p\000e\000S\000e\000l\000e\000c\000t\000o\000r\000G\000r\000a\000p\000h\000i\000c\000s\000V\000i\000e\000w\000\050\000Q\000W\000i\000d\000g\000e\000t\000\040\000p\000a\000r\000e\000n\000t\000=\000n\000u\000l\000l\000p\000t\000r\000\051}{subsection.7.20.1}% 306
\BOOKMARK [3][-]{subsubsection.7.20.1.2}{\376\377\0007\000.\0002\0000\000.\0001\000.\0002\000\040\000S\000h\000a\000p\000e\000S\000e\000l\000e\000c\000t\000o\000r\000G\000r\000a\000p\000h\000i\000c\000s\000V\000i\000e\000w\000\050\000Q\000G\000r\000a\000p\000h\000i\000c\000s\000S\000c\000e\000n\000e\000\040\000s\000c\000e\000n\000e\000,\000\040\000Q\000W\000i\000d\000g\000e\000t\000\040\000p\000a\000r\000e\000n\000t\000=\000n\000u\000l\000l\000p\000t\000r\000\051}{subsection.7.20.1}% 307
\BOOKMARK [2][-]{subsection.7.20.2}{\376\377\0007\000.\0002\0000\000.\0002\000\040\000M\000e\000m\000b\000e\000r\000\040\000F\000u\000n\000c\000t\000i\000o\000n\000\040\000D\000o\000c\000u\000m\000e\000n\000t\000a\000t\000i\000o\000n}{section.7.20}% 308
\BOOKMARK [3][-]{subsubsection.7.20.2.1}{\376\377\0007\000.\0002\0000\000.\0002\000.\0001\000\040\000g\000o\000t\000C\000l\000i\000c\000k}{subsection.7.20.2}% 309
\BOOKMARK [3][-]{subsubsection.7.20.2.2}{\376\377\0007\000.\0002\0000\000.\0002\000.\0002\000\040\000h\000a\000s\000H\000e\000i\000g\000h\000t\000F\000o\000r\000W\000i\000d\000t\000h\000\050\000\051\000\040\000c\000o\000n\000s\000t\000\040}{subsection.7.20.2}% 310
\BOOKMARK [3][-]{subsubsection.7.20.2.3}{\376\377\0007\000.\0002\0000\000.\0002\000.\0003\000\040\000h\000e\000i\000g\000h\000t\000F\000o\000r\000W\000i\000d\000t\000h\000\050\000i\000n\000t\000\040\000w\000\051\000\040\000c\000o\000n\000s\000t\000\040}{subsection.7.20.2}% 311
\BOOKMARK [3][-]{subsubsection.7.20.2.4}{\376\377\0007\000.\0002\0000\000.\0002\000.\0004\000\040\000m\000o\000u\000s\000e\000P\000r\000e\000s\000s\000E\000v\000e\000n\000t\000\050\000Q\000M\000o\000u\000s\000e\000E\000v\000e\000n\000t\000\040\000e\000v\000e\000n\000t\000\051}{subsection.7.20.2}% 312
\BOOKMARK [3][-]{subsubsection.7.20.2.5}{\376\377\0007\000.\0002\0000\000.\0002\000.\0005\000\040\000r\000e\000s\000i\000z\000e\000E\000v\000e\000n\000t\000\050\000Q\000R\000e\000s\000i\000z\000e\000E\000v\000e\000n\000t\000\040\000e\000v\000e\000n\000t\000\051}{subsection.7.20.2}% 313
\BOOKMARK [0][-]{chapter.8}{\376\377\0008\000\040\000F\000i\000l\000e\000\040\000D\000o\000c\000u\000m\000e\000n\000t\000a\000t\000i\000o\000n}{}% 314
\BOOKMARK [1][-]{section.8.1}{\376\377\0008\000.\0001\000\040\000g\000r\000a\000p\000h\000/\000E\000d\000g\000e\000.\000c\000p\000p\000\040\000F\000i\000l\000e\000\040\000R\000e\000f\000e\000r\000e\000n\000c\000e}{chapter.8}% 315
\BOOKMARK [1][-]{section.8.2}{\376\377\0008\000.\0002\000\040\000g\000r\000a\000p\000h\000/\000E\000d\000g\000e\000.\000h\000p\000p\000\040\000F\000i\000l\000e\000\040\000R\000e\000f\000e\000r\000e\000n\000c\000e}{chapter.8}% 316
\BOOKMARK [1][-]{section.8.3}{\376\377\0008\000.\0003\000\040\000g\000r\000a\000p\000h\000/\000G\000r\000a\000p\000h\000.\000c\000p\000p\000\040\000F\000i\000l\000e\000\040\000R\000e\000f\000e\000r\000e\000n\000c\000e}{chapter.8}% 317
\BOOKMARK [1][-]{section.8.4}{\376\377\0008\000.\0004\000\040\000g\000r\000a\000p\000h\000/\000G\000r\000a\000p\000h\000.\000h\000p\000p\000\040\000F\000i\000l\000e\000\040\000R\000e\000f\000e\000r\000e\000n\000c\000e}{chapter.8}% 318
\BOOKMARK [1][-]{section.8.5}{\376\377\0008\000.\0005\000\040\000g\000r\000a\000p\000h\000i\000c\000s\000/\000B\000o\000u\000n\000d\000a\000r\000y\000.\000c\000p\000p\000\040\000F\000i\000l\000e\000\040\000R\000e\000f\000e\000r\000e\000n\000c\000e}{chapter.8}% 319
\BOOKMARK [2][-]{subsection.8.5.1}{\376\377\0008\000.\0005\000.\0001\000\040\000M\000a\000c\000r\000o\000\040\000D\000e\000f\000i\000n\000i\000t\000i\000o\000n\000\040\000D\000o\000c\000u\000m\000e\000n\000t\000a\000t\000i\000o\000n}{section.8.5}% 320
\BOOKMARK [3][-]{subsubsection.8.5.1.1}{\376\377\0008\000.\0005\000.\0001\000.\0001\000\040\000P\000I}{subsection.8.5.1}% 321
\BOOKMARK [1][-]{section.8.6}{\376\377\0008\000.\0006\000\040\000g\000r\000a\000p\000h\000i\000c\000s\000/\000B\000o\000u\000n\000d\000a\000r\000y\000.\000h\000p\000p\000\040\000F\000i\000l\000e\000\040\000R\000e\000f\000e\000r\000e\000n\000c\000e}{chapter.8}% 322
\BOOKMARK [1][-]{section.8.7}{\376\377\0008\000.\0007\000\040\000g\000r\000a\000p\000h\000i\000c\000s\000/\000C\000i\000r\000c\000l\000e\000.\000c\000p\000p\000\040\000F\000i\000l\000e\000\040\000R\000e\000f\000e\000r\000e\000n\000c\000e}{chapter.8}% 323
\BOOKMARK [1][-]{section.8.8}{\376\377\0008\000.\0008\000\040\000p\000a\000c\000k\000i\000n\000g\000/\000C\000i\000r\000c\000l\000e\000.\000c\000p\000p\000\040\000F\000i\000l\000e\000\040\000R\000e\000f\000e\000r\000e\000n\000c\000e}{chapter.8}% 324
\BOOKMARK [1][-]{section.8.9}{\376\377\0008\000.\0009\000\040\000g\000r\000a\000p\000h\000i\000c\000s\000/\000C\000i\000r\000c\000l\000e\000.\000h\000p\000p\000\040\000F\000i\000l\000e\000\040\000R\000e\000f\000e\000r\000e\000n\000c\000e}{chapter.8}% 325
\BOOKMARK [1][-]{section.8.10}{\376\377\0008\000.\0001\0000\000\040\000p\000a\000c\000k\000i\000n\000g\000/\000C\000i\000r\000c\000l\000e\000.\000h\000p\000p\000\040\000F\000i\000l\000e\000\040\000R\000e\000f\000e\000r\000e\000n\000c\000e}{chapter.8}% 326
\BOOKMARK [1][-]{section.8.11}{\376\377\0008\000.\0001\0001\000\040\000g\000r\000a\000p\000h\000i\000c\000s\000/\000C\000o\000n\000n\000e\000c\000t\000o\000r\000.\000c\000p\000p\000\040\000F\000i\000l\000e\000\040\000R\000e\000f\000e\000r\000e\000n\000c\000e}{chapter.8}% 327
\BOOKMARK [1][-]{section.8.12}{\376\377\0008\000.\0001\0002\000\040\000g\000r\000a\000p\000h\000i\000c\000s\000/\000C\000o\000n\000n\000e\000c\000t\000o\000r\000.\000h\000p\000p\000\040\000F\000i\000l\000e\000\040\000R\000e\000f\000e\000r\000e\000n\000c\000e}{chapter.8}% 328
\BOOKMARK [1][-]{section.8.13}{\376\377\0008\000.\0001\0003\000\040\000g\000r\000a\000p\000h\000i\000c\000s\000/\000P\000a\000c\000k\000i\000n\000g\000.\000c\000p\000p\000\040\000F\000i\000l\000e\000\040\000R\000e\000f\000e\000r\000e\000n\000c\000e}{chapter.8}% 329
\BOOKMARK [2][-]{subsection.8.13.1}{\376\377\0008\000.\0001\0003\000.\0001\000\040\000M\000a\000c\000r\000o\000\040\000D\000e\000f\000i\000n\000i\000t\000i\000o\000n\000\040\000D\000o\000c\000u\000m\000e\000n\000t\000a\000t\000i\000o\000n}{section.8.13}% 330
\BOOKMARK [3][-]{subsubsection.8.13.1.1}{\376\377\0008\000.\0001\0003\000.\0001\000.\0001\000\040\000P\000I}{subsection.8.13.1}% 331
\BOOKMARK [1][-]{section.8.14}{\376\377\0008\000.\0001\0004\000\040\000p\000a\000c\000k\000i\000n\000g\000/\000P\000a\000c\000k\000i\000n\000g\000.\000c\000p\000p\000\040\000F\000i\000l\000e\000\040\000R\000e\000f\000e\000r\000e\000n\000c\000e}{chapter.8}% 332
\BOOKMARK [1][-]{section.8.15}{\376\377\0008\000.\0001\0005\000\040\000g\000r\000a\000p\000h\000i\000c\000s\000/\000P\000a\000c\000k\000i\000n\000g\000.\000h\000p\000p\000\040\000F\000i\000l\000e\000\040\000R\000e\000f\000e\000r\000e\000n\000c\000e}{chapter.8}% 333
\BOOKMARK [2][-]{subsection.8.15.1}{\376\377\0008\000.\0001\0005\000.\0001\000\040\000E\000n\000u\000m\000e\000r\000a\000t\000i\000o\000n\000\040\000T\000y\000p\000e\000\040\000D\000o\000c\000u\000m\000e\000n\000t\000a\000t\000i\000o\000n}{section.8.15}% 334
\BOOKMARK [3][-]{subsubsection.8.15.1.1}{\376\377\0008\000.\0001\0005\000.\0001\000.\0001\000\040\000P\000a\000c\000k\000i\000n\000g\000T\000y\000p\000e}{subsection.8.15.1}% 335
\BOOKMARK [1][-]{section.8.16}{\376\377\0008\000.\0001\0006\000\040\000p\000a\000c\000k\000i\000n\000g\000/\000P\000a\000c\000k\000i\000n\000g\000.\000h\000p\000p\000\040\000F\000i\000l\000e\000\040\000R\000e\000f\000e\000r\000e\000n\000c\000e}{chapter.8}% 336
\BOOKMARK [1][-]{section.8.17}{\376\377\0008\000.\0001\0007\000\040\000g\000r\000a\000p\000h\000i\000c\000s\000/\000S\000e\000l\000e\000c\000t\000i\000o\000n\000P\000a\000c\000k\000i\000n\000g\000.\000c\000p\000p\000\040\000F\000i\000l\000e\000\040\000R\000e\000f\000e\000r\000e\000n\000c\000e}{chapter.8}% 337
\BOOKMARK [1][-]{section.8.18}{\376\377\0008\000.\0001\0008\000\040\000g\000r\000a\000p\000h\000i\000c\000s\000/\000S\000e\000l\000e\000c\000t\000i\000o\000n\000P\000a\000c\000k\000i\000n\000g\000.\000h\000p\000p\000\040\000F\000i\000l\000e\000\040\000R\000e\000f\000e\000r\000e\000n\000c\000e}{chapter.8}% 338
\BOOKMARK [1][-]{section.8.19}{\376\377\0008\000.\0001\0009\000\040\000g\000r\000a\000p\000h\000i\000c\000s\000/\000S\000e\000l\000e\000c\000t\000i\000o\000n\000V\000e\000r\000t\000e\000x\000.\000c\000p\000p\000\040\000F\000i\000l\000e\000\040\000R\000e\000f\000e\000r\000e\000n\000c\000e}{chapter.8}% 339
\BOOKMARK [1][-]{section.8.20}{\376\377\0008\000.\0002\0000\000\040\000g\000r\000a\000p\000h\000i\000c\000s\000/\000S\000e\000l\000e\000c\000t\000i\000o\000n\000V\000e\000r\000t\000e\000x\000.\000h\000p\000p\000\040\000F\000i\000l\000e\000\040\000R\000e\000f\000e\000r\000e\000n\000c\000e}{chapter.8}% 340
\BOOKMARK [1][-]{section.8.21}{\376\377\0008\000.\0002\0001\000\040\000g\000r\000a\000p\000h\000i\000c\000s\000/\000S\000h\000a\000p\000e\000S\000e\000l\000e\000c\000t\000o\000r\000G\000r\000a\000p\000h\000i\000c\000s\000V\000i\000e\000w\000.\000c\000p\000p\000\040\000F\000i\000l\000e\000\040\000R\000e\000f\000e\000r\000e\000n\000c\000e}{chapter.8}% 341
\BOOKMARK [1][-]{section.8.22}{\376\377\0008\000.\0002\0002\000\040\000g\000r\000a\000p\000h\000i\000c\000s\000/\000S\000h\000a\000p\000e\000S\000e\000l\000e\000c\000t\000o\000r\000G\000r\000a\000p\000h\000i\000c\000s\000V\000i\000e\000w\000.\000h\000p\000p\000\040\000F\000i\000l\000e\000\040\000R\000e\000f\000e\000r\000e\000n\000c\000e}{chapter.8}% 342
\BOOKMARK [1][-]{section.8.23}{\376\377\0008\000.\0002\0003\000\040\000m\000a\000i\000n\000.\000c\000p\000p\000\040\000F\000i\000l\000e\000\040\000R\000e\000f\000e\000r\000e\000n\000c\000e}{chapter.8}% 343
\BOOKMARK [2][-]{subsection.8.23.1}{\376\377\0008\000.\0002\0003\000.\0001\000\040\000F\000u\000n\000c\000t\000i\000o\000n\000\040\000D\000o\000c\000u\000m\000e\000n\000t\000a\000t\000i\000o\000n}{section.8.23}% 344
\BOOKMARK [3][-]{subsubsection.8.23.1.1}{\376\377\0008\000.\0002\0003\000.\0001\000.\0001\000\040\000m\000a\000i\000n\000\050\000i\000n\000t\000\040\000a\000r\000g\000c\000,\000\040\000c\000h\000a\000r\000\040\000a\000r\000g\000v\000[\000]\000\051}{subsection.8.23.1}% 345
\BOOKMARK [1][-]{section.8.24}{\376\377\0008\000.\0002\0004\000\040\000N\000o\000d\000e\000.\000c\000p\000p\000\040\000F\000i\000l\000e\000\040\000R\000e\000f\000e\000r\000e\000n\000c\000e}{chapter.8}% 346
\BOOKMARK [2][-]{subsection.8.24.1}{\376\377\0008\000.\0002\0004\000.\0001\000\040\000M\000a\000c\000r\000o\000\040\000D\000e\000f\000i\000n\000i\000t\000i\000o\000n\000\040\000D\000o\000c\000u\000m\000e\000n\000t\000a\000t\000i\000o\000n}{section.8.24}% 347
\BOOKMARK [3][-]{subsubsection.8.24.1.1}{\376\377\0008\000.\0002\0004\000.\0001\000.\0001\000\040\000P\000I}{subsection.8.24.1}% 348
\BOOKMARK [1][-]{section.8.25}{\376\377\0008\000.\0002\0005\000\040\000N\000o\000d\000e\000.\000h\000p\000p\000\040\000F\000i\000l\000e\000\040\000R\000e\000f\000e\000r\000e\000n\000c\000e}{chapter.8}% 349
\BOOKMARK [1][-]{section.8.26}{\376\377\0008\000.\0002\0006\000\040\000p\000a\000c\000k\000i\000n\000g\000/\000E\000u\000c\000l\000i\000d\000C\000i\000r\000c\000l\000e\000.\000c\000p\000p\000\040\000F\000i\000l\000e\000\040\000R\000e\000f\000e\000r\000e\000n\000c\000e}{chapter.8}% 350
\BOOKMARK [1][-]{section.8.27}{\376\377\0008\000.\0002\0007\000\040\000p\000a\000c\000k\000i\000n\000g\000/\000E\000u\000c\000l\000i\000d\000C\000i\000r\000c\000l\000e\000.\000h\000p\000p\000\040\000F\000i\000l\000e\000\040\000R\000e\000f\000e\000r\000e\000n\000c\000e}{chapter.8}% 351
\BOOKMARK [1][-]{section.8.28}{\376\377\0008\000.\0002\0008\000\040\000p\000a\000c\000k\000i\000n\000g\000/\000E\000u\000c\000l\000i\000d\000P\000a\000c\000k\000i\000n\000g\000.\000c\000p\000p\000\040\000F\000i\000l\000e\000\040\000R\000e\000f\000e\000r\000e\000n\000c\000e}{chapter.8}% 352
\BOOKMARK [1][-]{section.8.29}{\376\377\0008\000.\0002\0009\000\040\000p\000a\000c\000k\000i\000n\000g\000/\000E\000u\000c\000l\000i\000d\000P\000a\000c\000k\000i\000n\000g\000.\000h\000p\000p\000\040\000F\000i\000l\000e\000\040\000R\000e\000f\000e\000r\000e\000n\000c\000e}{chapter.8}% 353
\BOOKMARK [1][-]{section.8.30}{\376\377\0008\000.\0003\0000\000\040\000p\000a\000c\000k\000i\000n\000g\000/\000H\000y\000p\000e\000r\000C\000i\000r\000c\000l\000e\000.\000c\000p\000p\000\040\000F\000i\000l\000e\000\040\000R\000e\000f\000e\000r\000e\000n\000c\000e}{chapter.8}% 354
\BOOKMARK [1][-]{section.8.31}{\376\377\0008\000.\0003\0001\000\040\000p\000a\000c\000k\000i\000n\000g\000/\000H\000y\000p\000e\000r\000C\000i\000r\000c\000l\000e\000.\000h\000p\000p\000\040\000F\000i\000l\000e\000\040\000R\000e\000f\000e\000r\000e\000n\000c\000e}{chapter.8}% 355
\BOOKMARK [1][-]{section.8.32}{\376\377\0008\000.\0003\0002\000\040\000P\000F\000i\000l\000e\000.\000c\000p\000p\000\040\000F\000i\000l\000e\000\040\000R\000e\000f\000e\000r\000e\000n\000c\000e}{chapter.8}% 356
\BOOKMARK [1][-]{section.8.33}{\376\377\0008\000.\0003\0003\000\040\000P\000F\000i\000l\000e\000.\000h\000p\000p\000\040\000F\000i\000l\000e\000\040\000R\000e\000f\000e\000r\000e\000n\000c\000e}{chapter.8}% 357
\BOOKMARK [1][-]{section.8.34}{\376\377\0008\000.\0003\0004\000\040\000R\000E\000A\000D\000M\000E\000.\000m\000d\000\040\000F\000i\000l\000e\000\040\000R\000e\000f\000e\000r\000e\000n\000c\000e}{chapter.8}% 358
\BOOKMARK [1][-]{section.8.35}{\376\377\0008\000.\0003\0005\000\040\000u\000i\000/\000M\000a\000i\000n\000W\000i\000n\000d\000o\000w\000.\000c\000p\000p\000\040\000F\000i\000l\000e\000\040\000R\000e\000f\000e\000r\000e\000n\000c\000e}{chapter.8}% 359
\BOOKMARK [2][-]{subsection.8.35.1}{\376\377\0008\000.\0003\0005\000.\0001\000\040\000M\000a\000c\000r\000o\000\040\000D\000e\000f\000i\000n\000i\000t\000i\000o\000n\000\040\000D\000o\000c\000u\000m\000e\000n\000t\000a\000t\000i\000o\000n}{section.8.35}% 360
\BOOKMARK [3][-]{subsubsection.8.35.1.1}{\376\377\0008\000.\0003\0005\000.\0001\000.\0001\000\040\000P\000I}{subsection.8.35.1}% 361
\BOOKMARK [1][-]{section.8.36}{\376\377\0008\000.\0003\0006\000\040\000u\000i\000/\000M\000a\000i\000n\000W\000i\000n\000d\000o\000w\000.\000h\000p\000p\000\040\000F\000i\000l\000e\000\040\000R\000e\000f\000e\000r\000e\000n\000c\000e}{chapter.8}% 362
\BOOKMARK [1][-]{section.8.37}{\376\377\0008\000.\0003\0007\000\040\000u\000i\000/\000P\000a\000c\000k\000i\000n\000g\000V\000i\000e\000w\000.\000c\000p\000p\000\040\000F\000i\000l\000e\000\040\000R\000e\000f\000e\000r\000e\000n\000c\000e}{chapter.8}% 363
\BOOKMARK [1][-]{section.8.38}{\376\377\0008\000.\0003\0008\000\040\000u\000i\000/\000P\000a\000c\000k\000i\000n\000g\000V\000i\000e\000w\000.\000h\000p\000p\000\040\000F\000i\000l\000e\000\040\000R\000e\000f\000e\000r\000e\000n\000c\000e}{chapter.8}% 364
\BOOKMARK [1][-]{section.8.39}{\376\377\0008\000.\0003\0009\000\040\000u\000i\000/\000P\000r\000o\000p\000e\000r\000t\000y\000W\000i\000n\000d\000o\000w\000.\000c\000p\000p\000\040\000F\000i\000l\000e\000\040\000R\000e\000f\000e\000r\000e\000n\000c\000e}{chapter.8}% 365
\BOOKMARK [1][-]{section.8.40}{\376\377\0008\000.\0004\0000\000\040\000u\000i\000/\000P\000r\000o\000p\000e\000r\000t\000y\000W\000i\000n\000d\000o\000w\000.\000h\000p\000p\000\040\000F\000i\000l\000e\000\040\000R\000e\000f\000e\000r\000e\000n\000c\000e}{chapter.8}% 366
\BOOKMARK [1][-]{section.8.41}{\376\377\0008\000.\0004\0001\000\040\000u\000i\000/\000S\000h\000a\000p\000e\000S\000e\000l\000e\000c\000t\000o\000r\000.\000c\000p\000p\000\040\000F\000i\000l\000e\000\040\000R\000e\000f\000e\000r\000e\000n\000c\000e}{chapter.8}% 367
\BOOKMARK [1][-]{section.8.42}{\376\377\0008\000.\0004\0002\000\040\000u\000i\000/\000S\000h\000a\000p\000e\000S\000e\000l\000e\000c\000t\000o\000r\000.\000h\000p\000p\000\040\000F\000i\000l\000e\000\040\000R\000e\000f\000e\000r\000e\000n\000c\000e}{chapter.8}% 368
\BOOKMARK [0][-]{section*.100}{\376\377\000I\000n\000d\000e\000x}{}% 369
